----------------------------------------------------------------------------------------------------
      name:  <unnamed>
       log:  C:\Users\hanna\git\AHL\data-cleaning\play.log
  log type:  text
 opened on:  16 Sep 2019, 13:52:12

. do "C:\Users\hanna\AppData\Local\Temp\STD00000000.tmp"

. use MIDUS2.dta, clear
(Midlife in the United States (MIDUS 2), 2004-2006, M2_P1_Aggregate Data)

. 
. *Display coding and distribution of all cam variables 
.         foreach var of varlist B1SA56A B1SA56B B1SA56C B1SA56D B1SA56F B1SA56G B1SA56H B1SA56I ///
>                 B1SA56J B1SA56K B1SA56L B1SA56M B1SA56N B1SA56Q B1SA56R B1SA56S {
  2.                 fre `var' 
  3.         }

B1SA56A -- Acupuncture frequency (12 mo)
----------------------------------------------------------------
                   |      Freq.    Percent      Valid       Cum.
-------------------+--------------------------------------------
Valid   1 A LOT    |          8       0.11       0.20       0.20
        2 OFTEN    |         11       0.15       0.28       0.48
        3 SOME     |         20       0.28       0.50       0.98
        4 A LITTLE |         43       0.60       1.08       2.06
        5 NEVER    |       3898      54.84      97.94     100.00
        Total      |       3980      55.99     100.00           
Missing .          |       3128      44.01                      
Total              |       7108     100.00                      
----------------------------------------------------------------

B1SA56B -- Biofeedback frequency (12 mo)
----------------------------------------------------------------
                   |      Freq.    Percent      Valid       Cum.
-------------------+--------------------------------------------
Valid   1 A LOT    |          2       0.03       0.05       0.05
        2 OFTEN    |          6       0.08       0.15       0.20
        3 SOME     |         11       0.15       0.28       0.48
        4 A LITTLE |         18       0.25       0.45       0.93
        5 NEVER    |       3932      55.32      99.07     100.00
        Total      |       3969      55.84     100.00           
Missing .          |       3139      44.16                      
Total              |       7108     100.00                      
----------------------------------------------------------------

B1SA56C -- Chiropractor frequency (12 mo)
----------------------------------------------------------------
                   |      Freq.    Percent      Valid       Cum.
-------------------+--------------------------------------------
Valid   1 A LOT    |         83       1.17       2.08       2.08
        2 OFTEN    |        126       1.77       3.17       5.25
        3 SOME     |        226       3.18       5.68      10.93
        4 A LITTLE |        244       3.43       6.13      17.06
        5 NEVER    |       3302      46.45      82.94     100.00
        Total      |       3981      56.01     100.00           
Missing .          |       3127      43.99                      
Total              |       7108     100.00                      
----------------------------------------------------------------

B1SA56D -- Energy healing frequency (12 mo)
----------------------------------------------------------------
                   |      Freq.    Percent      Valid       Cum.
-------------------+--------------------------------------------
Valid   1 A LOT    |         13       0.18       0.33       0.33
        2 OFTEN    |         12       0.17       0.30       0.63
        3 SOME     |         29       0.41       0.73       1.37
        4 A LITTLE |         42       0.59       1.06       2.43
        5 NEVER    |       3860      54.31      97.57     100.00
        Total      |       3956      55.66     100.00           
Missing .          |       3152      44.34                      
Total              |       7108     100.00                      
----------------------------------------------------------------

B1SA56F -- Exercise/movement therapy freq (12 mo)
----------------------------------------------------------------
                   |      Freq.    Percent      Valid       Cum.
-------------------+--------------------------------------------
Valid   1 A LOT    |        150       2.11       3.78       3.78
        2 OFTEN    |        121       1.70       3.05       6.82
        3 SOME     |        197       2.77       4.96      11.78
        4 A LITTLE |        136       1.91       3.42      15.20
        5 NEVER    |       3369      47.40      84.80     100.00
        Total      |       3973      55.89     100.00           
Missing .          |       3135      44.11                      
Total              |       7108     100.00                      
----------------------------------------------------------------

B1SA56G -- Herbal therapy frequency (12 mo)
----------------------------------------------------------------
                   |      Freq.    Percent      Valid       Cum.
-------------------+--------------------------------------------
Valid   1 A LOT    |         63       0.89       1.58       1.58
        2 OFTEN    |         54       0.76       1.36       2.94
        3 SOME     |        139       1.96       3.50       6.44
        4 A LITTLE |        139       1.96       3.50       9.93
        5 NEVER    |       3582      50.39      90.07     100.00
        Total      |       3977      55.95     100.00           
Missing .          |       3131      44.05                      
Total              |       7108     100.00                      
----------------------------------------------------------------

B1SA56H -- High dose mega-vitamins frequency (12mo)
----------------------------------------------------------------
                   |      Freq.    Percent      Valid       Cum.
-------------------+--------------------------------------------
Valid   1 A LOT    |        101       1.42       2.54       2.54
        2 OFTEN    |         61       0.86       1.53       4.08
        3 SOME     |        121       1.70       3.04       7.12
        4 A LITTLE |        169       2.38       4.25      11.37
        5 NEVER    |       3522      49.55      88.63     100.00
        Total      |       3974      55.91     100.00           
Missing .          |       3134      44.09                      
Total              |       7108     100.00                      
----------------------------------------------------------------

B1SA56I -- Homeopathy frequency (12 mo)
----------------------------------------------------------------
                   |      Freq.    Percent      Valid       Cum.
-------------------+--------------------------------------------
Valid   1 A LOT    |         10       0.14       0.25       0.25
        2 OFTEN    |         17       0.24       0.43       0.68
        3 SOME     |         52       0.73       1.31       1.99
        4 A LITTLE |         88       1.24       2.22       4.21
        5 NEVER    |       3801      53.47      95.79     100.00
        Total      |       3968      55.82     100.00           
Missing .          |       3140      44.18                      
Total              |       7108     100.00                      
----------------------------------------------------------------

B1SA56J -- Hypnosis frequency (12 mo)
----------------------------------------------------------------
                   |      Freq.    Percent      Valid       Cum.
-------------------+--------------------------------------------
Valid   1 A LOT    |          2       0.03       0.05       0.05
        2 OFTEN    |          3       0.04       0.08       0.13
        3 SOME     |         13       0.18       0.33       0.45
        4 A LITTLE |         23       0.32       0.58       1.03
        5 NEVER    |       3929      55.28      98.97     100.00
        Total      |       3970      55.85     100.00           
Missing .          |       3138      44.15                      
Total              |       7108     100.00                      
----------------------------------------------------------------

B1SA56K -- Imagery techniques frequency (12 mo)
----------------------------------------------------------------
                   |      Freq.    Percent      Valid       Cum.
-------------------+--------------------------------------------
Valid   1 A LOT    |         13       0.18       0.33       0.33
        2 OFTEN    |         19       0.27       0.48       0.81
        3 SOME     |         66       0.93       1.67       2.48
        4 A LITTLE |         59       0.83       1.49       3.97
        5 NEVER    |       3799      53.45      96.03     100.00
        Total      |       3956      55.66     100.00           
Missing .          |       3152      44.34                      
Total              |       7108     100.00                      
----------------------------------------------------------------

B1SA56L -- Massage therapy frequency (12 ms)
----------------------------------------------------------------
                   |      Freq.    Percent      Valid       Cum.
-------------------+--------------------------------------------
Valid   1 A LOT    |         48       0.68       1.22       1.22
        2 OFTEN    |         73       1.03       1.85       3.06
        3 SOME     |        232       3.26       5.87       8.94
        4 A LITTLE |        329       4.63       8.33      17.27
        5 NEVER    |       3268      45.98      82.73     100.00
        Total      |       3950      55.57     100.00           
Missing .          |       3158      44.43                      
Total              |       7108     100.00                      
----------------------------------------------------------------

B1SA56M -- Prayer/other spiritual freq (12 mo)
----------------------------------------------------------------
                   |      Freq.    Percent      Valid       Cum.
-------------------+--------------------------------------------
Valid   1 A LOT    |        762      10.72      19.16      19.16
        2 OFTEN    |        449       6.32      11.29      30.45
        3 SOME     |        322       4.53       8.10      38.55
        4 A LITTLE |        244       3.43       6.14      44.68
        5 NEVER    |       2200      30.95      55.32     100.00
        Total      |       3977      55.95     100.00           
Missing .          |       3131      44.05                      
Total              |       7108     100.00                      
----------------------------------------------------------------

B1SA56N -- Relaxation/mediation frequency (12 mo)
----------------------------------------------------------------
                   |      Freq.    Percent      Valid       Cum.
-------------------+--------------------------------------------
Valid   1 A LOT    |        122       1.72       3.08       3.08
        2 OFTEN    |        164       2.31       4.14       7.22
        3 SOME     |        297       4.18       7.50      14.72
        4 A LITTLE |        379       5.33       9.57      24.29
        5 NEVER    |       2999      42.19      75.71     100.00
        Total      |       3961      55.73     100.00           
Missing .          |       3147      44.27                      
Total              |       7108     100.00                      
----------------------------------------------------------------

B1SA56Q -- Special diet frequency (12 mo)
----------------------------------------------------------------
                   |      Freq.    Percent      Valid       Cum.
-------------------+--------------------------------------------
Valid   1 A LOT    |         57       0.80       1.44       1.44
        2 OFTEN    |         29       0.41       0.73       2.17
        3 SOME     |         37       0.52       0.93       3.10
        4 A LITTLE |         45       0.63       1.13       4.23
        5 NEVER    |       3801      53.47      95.77     100.00
        Total      |       3969      55.84     100.00           
Missing .          |       3139      44.16                      
Total              |       7108     100.00                      
----------------------------------------------------------------

B1SA56R -- Spiritual healing by others freq (12 mo)
----------------------------------------------------------------
                   |      Freq.    Percent      Valid       Cum.
-------------------+--------------------------------------------
Valid   1 A LOT    |         30       0.42       0.76       0.76
        2 OFTEN    |         27       0.38       0.68       1.44
        3 SOME     |         66       0.93       1.66       3.10
        4 A LITTLE |         84       1.18       2.11       5.21
        5 NEVER    |       3765      52.97      94.79     100.00
        Total      |       3972      55.88     100.00           
Missing .          |       3136      44.12                      
Total              |       7108     100.00                      
----------------------------------------------------------------

B1SA56S -- Oth non-traditional therapy freq (12 mo)
----------------------------------------------------------------
                   |      Freq.    Percent      Valid       Cum.
-------------------+--------------------------------------------
Valid   1 A LOT    |         38       0.53       1.00       1.00
        2 OFTEN    |         24       0.34       0.63       1.63
        3 SOME     |         22       0.31       0.58       2.21
        4 A LITTLE |         20       0.28       0.53       2.74
        5 NEVER    |       3692      51.94      97.26     100.00
        Total      |       3796      53.40     100.00           
Missing .          |       3312      46.60                      
Total              |       7108     100.00                      
----------------------------------------------------------------

. 
end of do-file

. 
. 
. 
. 
. 
. 
. 
. 
. 
. 
. 
. 
. 
. 
. log close
      name:  <unnamed>
       log:  C:\Users\hanna\git\AHL\data-cleaning\play.log
  log type:  text
 closed on:  16 Sep 2019, 13:52:38
----------------------------------------------------------------------------------------------------
