--------------------------------------------------------------------------------
      name:  <unnamed>
       log:  C:\Users\hanna\git\AHL\Stata\data-cleaning\health-lifestyles-confer
> ence-crosstabs-bCamCo.log
  log type:  text
 opened on:  23 Feb 2021, 10:06:21

. 
. foreach i in bEduc bHLOCS bRace bSex bReligId bSpirit {
  2.         tab bCamCo `i', col
  3. }

+-------------------+
| Key               |
|-------------------|
|     frequency     |
| column percentage |
+-------------------+

           | RECODE of B1PB1 (Highest level of education completed)
    bCamCo | Less than  HS Diplom  Some Coll  College G  Graduate  |     Total
-----------+-------------------------------------------------------+----------
         0 |        99        405        378        229        237 |     1,348 
           |     54.70      43.78      37.10      31.33      33.66 |     37.87 
-----------+-------------------------------------------------------+----------
         1 |        45        215        229        173        159 |       821 
           |     24.86      23.24      22.47      23.67      22.59 |     23.06 
-----------+-------------------------------------------------------+----------
         2 |        20        144        146        109        110 |       529 
           |     11.05      15.57      14.33      14.91      15.63 |     14.86 
-----------+-------------------------------------------------------+----------
         3 |         5         69         96         75         69 |       314 
           |      2.76       7.46       9.42      10.26       9.80 |      8.82 
-----------+-------------------------------------------------------+----------
         4 |         7         37         65         43         56 |       208 
           |      3.87       4.00       6.38       5.88       7.95 |      5.84 
-----------+-------------------------------------------------------+----------
         5 |         3         28         39         34         24 |       128 
           |      1.66       3.03       3.83       4.65       3.41 |      3.60 
-----------+-------------------------------------------------------+----------
         6 |         0         12         28         25         17 |        82 
           |      0.00       1.30       2.75       3.42       2.41 |      2.30 
-----------+-------------------------------------------------------+----------
         7 |         1          4         16         15          5 |        41 
           |      0.55       0.43       1.57       2.05       0.71 |      1.15 
-----------+-------------------------------------------------------+----------
         8 |         0          6          8         11         11 |        36 
           |      0.00       0.65       0.79       1.50       1.56 |      1.01 
-----------+-------------------------------------------------------+----------
         9 |         0          0          3          8          7 |        18 
           |      0.00       0.00       0.29       1.09       0.99 |      0.51 
-----------+-------------------------------------------------------+----------
        10 |         0          3          6          4          3 |        16 
           |      0.00       0.32       0.59       0.55       0.43 |      0.45 
-----------+-------------------------------------------------------+----------
        11 |         1          2          2          1          2 |         8 
           |      0.55       0.22       0.20       0.14       0.28 |      0.22 
-----------+-------------------------------------------------------+----------
        12 |         0          0          2          0          2 |         4 
           |      0.00       0.00       0.20       0.00       0.28 |      0.11 
-----------+-------------------------------------------------------+----------
        13 |         0          0          1          2          2 |         5 
           |      0.00       0.00       0.10       0.27       0.28 |      0.14 
-----------+-------------------------------------------------------+----------
        14 |         0          0          0          2          0 |         2 
           |      0.00       0.00       0.00       0.27       0.00 |      0.06 
-----------+-------------------------------------------------------+----------
     Total |       181        925      1,019        731        704 |     3,560 
           |    100.00     100.00     100.00     100.00     100.00 |    100.00 


+-------------------+
| Key               |
|-------------------|
|     frequency     |
| column percentage |
+-------------------+

           |              Health Locus of control-Self
    bCamCo |     1.000      1.250      1.500      1.750      2.000 |     Total
-----------+-------------------------------------------------------+----------
         0 |         1          2          2          3          4 |     1,348 
           |     50.00      25.00      40.00      50.00      57.14 |     37.87 
-----------+-------------------------------------------------------+----------
         1 |         0          2          1          2          2 |       821 
           |      0.00      25.00      20.00      33.33      28.57 |     23.06 
-----------+-------------------------------------------------------+----------
         2 |         0          2          1          0          0 |       529 
           |      0.00      25.00      20.00       0.00       0.00 |     14.86 
-----------+-------------------------------------------------------+----------
         3 |         0          0          0          0          0 |       314 
           |      0.00       0.00       0.00       0.00       0.00 |      8.82 
-----------+-------------------------------------------------------+----------
         4 |         1          1          1          0          0 |       208 
           |     50.00      12.50      20.00       0.00       0.00 |      5.84 
-----------+-------------------------------------------------------+----------
         5 |         0          0          0          0          1 |       128 
           |      0.00       0.00       0.00       0.00      14.29 |      3.60 
-----------+-------------------------------------------------------+----------
         6 |         0          0          0          1          0 |        82 
           |      0.00       0.00       0.00      16.67       0.00 |      2.30 
-----------+-------------------------------------------------------+----------
         7 |         0          0          0          0          0 |        41 
           |      0.00       0.00       0.00       0.00       0.00 |      1.15 
-----------+-------------------------------------------------------+----------
         8 |         0          1          0          0          0 |        36 
           |      0.00      12.50       0.00       0.00       0.00 |      1.01 
-----------+-------------------------------------------------------+----------
         9 |         0          0          0          0          0 |        18 
           |      0.00       0.00       0.00       0.00       0.00 |      0.51 
-----------+-------------------------------------------------------+----------
        10 |         0          0          0          0          0 |        16 
           |      0.00       0.00       0.00       0.00       0.00 |      0.45 
-----------+-------------------------------------------------------+----------
        11 |         0          0          0          0          0 |         8 
           |      0.00       0.00       0.00       0.00       0.00 |      0.22 
-----------+-------------------------------------------------------+----------
        12 |         0          0          0          0          0 |         4 
           |      0.00       0.00       0.00       0.00       0.00 |      0.11 
-----------+-------------------------------------------------------+----------
        13 |         0          0          0          0          0 |         5 
           |      0.00       0.00       0.00       0.00       0.00 |      0.14 
-----------+-------------------------------------------------------+----------
        14 |         0          0          0          0          0 |         2 
           |      0.00       0.00       0.00       0.00       0.00 |      0.06 
-----------+-------------------------------------------------------+----------
     Total |         2          8          5          6          7 |     3,560 
           |    100.00     100.00     100.00     100.00     100.00 |    100.00 


           |              Health Locus of control-Self
    bCamCo |     2.250      2.500      2.750      3.000      3.250 |     Total
-----------+-------------------------------------------------------+----------
         0 |         2          1          3          4          6 |     1,348 
           |     40.00      25.00      75.00     100.00      60.00 |     37.87 
-----------+-------------------------------------------------------+----------
         1 |         2          2          1          0          2 |       821 
           |     40.00      50.00      25.00       0.00      20.00 |     23.06 
-----------+-------------------------------------------------------+----------
         2 |         1          1          0          0          0 |       529 
           |     20.00      25.00       0.00       0.00       0.00 |     14.86 
-----------+-------------------------------------------------------+----------
         3 |         0          0          0          0          0 |       314 
           |      0.00       0.00       0.00       0.00       0.00 |      8.82 
-----------+-------------------------------------------------------+----------
         4 |         0          0          0          0          2 |       208 
           |      0.00       0.00       0.00       0.00      20.00 |      5.84 
-----------+-------------------------------------------------------+----------
         5 |         0          0          0          0          0 |       128 
           |      0.00       0.00       0.00       0.00       0.00 |      3.60 
-----------+-------------------------------------------------------+----------
         6 |         0          0          0          0          0 |        82 
           |      0.00       0.00       0.00       0.00       0.00 |      2.30 
-----------+-------------------------------------------------------+----------
         7 |         0          0          0          0          0 |        41 
           |      0.00       0.00       0.00       0.00       0.00 |      1.15 
-----------+-------------------------------------------------------+----------
         8 |         0          0          0          0          0 |        36 
           |      0.00       0.00       0.00       0.00       0.00 |      1.01 
-----------+-------------------------------------------------------+----------
         9 |         0          0          0          0          0 |        18 
           |      0.00       0.00       0.00       0.00       0.00 |      0.51 
-----------+-------------------------------------------------------+----------
        10 |         0          0          0          0          0 |        16 
           |      0.00       0.00       0.00       0.00       0.00 |      0.45 
-----------+-------------------------------------------------------+----------
        11 |         0          0          0          0          0 |         8 
           |      0.00       0.00       0.00       0.00       0.00 |      0.22 
-----------+-------------------------------------------------------+----------
        12 |         0          0          0          0          0 |         4 
           |      0.00       0.00       0.00       0.00       0.00 |      0.11 
-----------+-------------------------------------------------------+----------
        13 |         0          0          0          0          0 |         5 
           |      0.00       0.00       0.00       0.00       0.00 |      0.14 
-----------+-------------------------------------------------------+----------
        14 |         0          0          0          0          0 |         2 
           |      0.00       0.00       0.00       0.00       0.00 |      0.06 
-----------+-------------------------------------------------------+----------
     Total |         5          4          4          4         10 |     3,560 
           |    100.00     100.00     100.00     100.00     100.00 |    100.00 


           |              Health Locus of control-Self
    bCamCo |     3.500      3.750      4.000      4.250      4.500 |     Total
-----------+-------------------------------------------------------+----------
         0 |         2         11         10         16         24 |     1,348 
           |     22.22      64.71      41.67      69.57      40.00 |     37.87 
-----------+-------------------------------------------------------+----------
         1 |         3          3          7          2         15 |       821 
           |     33.33      17.65      29.17       8.70      25.00 |     23.06 
-----------+-------------------------------------------------------+----------
         2 |         0          2          4          3         10 |       529 
           |      0.00      11.76      16.67      13.04      16.67 |     14.86 
-----------+-------------------------------------------------------+----------
         3 |         1          0          2          1          6 |       314 
           |     11.11       0.00       8.33       4.35      10.00 |      8.82 
-----------+-------------------------------------------------------+----------
         4 |         0          0          1          0          3 |       208 
           |      0.00       0.00       4.17       0.00       5.00 |      5.84 
-----------+-------------------------------------------------------+----------
         5 |         2          1          0          0          1 |       128 
           |     22.22       5.88       0.00       0.00       1.67 |      3.60 
-----------+-------------------------------------------------------+----------
         6 |         0          0          0          1          0 |        82 
           |      0.00       0.00       0.00       4.35       0.00 |      2.30 
-----------+-------------------------------------------------------+----------
         7 |         0          0          0          0          0 |        41 
           |      0.00       0.00       0.00       0.00       0.00 |      1.15 
-----------+-------------------------------------------------------+----------
         8 |         0          0          0          0          0 |        36 
           |      0.00       0.00       0.00       0.00       0.00 |      1.01 
-----------+-------------------------------------------------------+----------
         9 |         0          0          0          0          0 |        18 
           |      0.00       0.00       0.00       0.00       0.00 |      0.51 
-----------+-------------------------------------------------------+----------
        10 |         0          0          0          0          0 |        16 
           |      0.00       0.00       0.00       0.00       0.00 |      0.45 
-----------+-------------------------------------------------------+----------
        11 |         0          0          0          0          1 |         8 
           |      0.00       0.00       0.00       0.00       1.67 |      0.22 
-----------+-------------------------------------------------------+----------
        12 |         0          0          0          0          0 |         4 
           |      0.00       0.00       0.00       0.00       0.00 |      0.11 
-----------+-------------------------------------------------------+----------
        13 |         1          0          0          0          0 |         5 
           |     11.11       0.00       0.00       0.00       0.00 |      0.14 
-----------+-------------------------------------------------------+----------
        14 |         0          0          0          0          0 |         2 
           |      0.00       0.00       0.00       0.00       0.00 |      0.06 
-----------+-------------------------------------------------------+----------
     Total |         9         17         24         23         60 |     3,560 
           |    100.00     100.00     100.00     100.00     100.00 |    100.00 


           |              Health Locus of control-Self
    bCamCo |     4.667      4.750      5.000      5.250      5.333 |     Total
-----------+-------------------------------------------------------+----------
         0 |         1         37         49         59          1 |     1,348 
           |    100.00      44.58      45.37      35.98     100.00 |     37.87 
-----------+-------------------------------------------------------+----------
         1 |         0         20         29         38          0 |       821 
           |      0.00      24.10      26.85      23.17       0.00 |     23.06 
-----------+-------------------------------------------------------+----------
         2 |         0         11         13         38          0 |       529 
           |      0.00      13.25      12.04      23.17       0.00 |     14.86 
-----------+-------------------------------------------------------+----------
         3 |         0          8         14         18          0 |       314 
           |      0.00       9.64      12.96      10.98       0.00 |      8.82 
-----------+-------------------------------------------------------+----------
         4 |         0          4          3          4          0 |       208 
           |      0.00       4.82       2.78       2.44       0.00 |      5.84 
-----------+-------------------------------------------------------+----------
         5 |         0          1          0          2          0 |       128 
           |      0.00       1.20       0.00       1.22       0.00 |      3.60 
-----------+-------------------------------------------------------+----------
         6 |         0          0          0          3          0 |        82 
           |      0.00       0.00       0.00       1.83       0.00 |      2.30 
-----------+-------------------------------------------------------+----------
         7 |         0          2          0          0          0 |        41 
           |      0.00       2.41       0.00       0.00       0.00 |      1.15 
-----------+-------------------------------------------------------+----------
         8 |         0          0          0          1          0 |        36 
           |      0.00       0.00       0.00       0.61       0.00 |      1.01 
-----------+-------------------------------------------------------+----------
         9 |         0          0          0          0          0 |        18 
           |      0.00       0.00       0.00       0.00       0.00 |      0.51 
-----------+-------------------------------------------------------+----------
        10 |         0          0          0          0          0 |        16 
           |      0.00       0.00       0.00       0.00       0.00 |      0.45 
-----------+-------------------------------------------------------+----------
        11 |         0          0          0          1          0 |         8 
           |      0.00       0.00       0.00       0.61       0.00 |      0.22 
-----------+-------------------------------------------------------+----------
        12 |         0          0          0          0          0 |         4 
           |      0.00       0.00       0.00       0.00       0.00 |      0.11 
-----------+-------------------------------------------------------+----------
        13 |         0          0          0          0          0 |         5 
           |      0.00       0.00       0.00       0.00       0.00 |      0.14 
-----------+-------------------------------------------------------+----------
        14 |         0          0          0          0          0 |         2 
           |      0.00       0.00       0.00       0.00       0.00 |      0.06 
-----------+-------------------------------------------------------+----------
     Total |         1         83        108        164          1 |     3,560 
           |    100.00     100.00     100.00     100.00     100.00 |    100.00 


           |              Health Locus of control-Self
    bCamCo |     5.500      5.667      5.750      6.000      6.250 |     Total
-----------+-------------------------------------------------------+----------
         0 |       100          1        123        176        181 |     1,348 
           |     41.49      50.00      37.05      41.61      37.47 |     37.87 
-----------+-------------------------------------------------------+----------
         1 |        68          0         72         92        126 |       821 
           |     28.22       0.00      21.69      21.75      26.09 |     23.06 
-----------+-------------------------------------------------------+----------
         2 |        37          1         55         58         69 |       529 
           |     15.35      50.00      16.57      13.71      14.29 |     14.86 
-----------+-------------------------------------------------------+----------
         3 |        15          0         38         40         39 |       314 
           |      6.22       0.00      11.45       9.46       8.07 |      8.82 
-----------+-------------------------------------------------------+----------
         4 |         8          0         16         28         26 |       208 
           |      3.32       0.00       4.82       6.62       5.38 |      5.84 
-----------+-------------------------------------------------------+----------
         5 |         6          0         14         12         17 |       128 
           |      2.49       0.00       4.22       2.84       3.52 |      3.60 
-----------+-------------------------------------------------------+----------
         6 |         3          0          7         11          9 |        82 
           |      1.24       0.00       2.11       2.60       1.86 |      2.30 
-----------+-------------------------------------------------------+----------
         7 |         2          0          3          4          4 |        41 
           |      0.83       0.00       0.90       0.95       0.83 |      1.15 
-----------+-------------------------------------------------------+----------
         8 |         2          0          1          1          6 |        36 
           |      0.83       0.00       0.30       0.24       1.24 |      1.01 
-----------+-------------------------------------------------------+----------
         9 |         0          0          3          0          2 |        18 
           |      0.00       0.00       0.90       0.00       0.41 |      0.51 
-----------+-------------------------------------------------------+----------
        10 |         0          0          0          1          2 |        16 
           |      0.00       0.00       0.00       0.24       0.41 |      0.45 
-----------+-------------------------------------------------------+----------
        11 |         0          0          0          0          1 |         8 
           |      0.00       0.00       0.00       0.00       0.21 |      0.22 
-----------+-------------------------------------------------------+----------
        12 |         0          0          0          0          0 |         4 
           |      0.00       0.00       0.00       0.00       0.00 |      0.11 
-----------+-------------------------------------------------------+----------
        13 |         0          0          0          0          0 |         5 
           |      0.00       0.00       0.00       0.00       0.00 |      0.14 
-----------+-------------------------------------------------------+----------
        14 |         0          0          0          0          1 |         2 
           |      0.00       0.00       0.00       0.00       0.21 |      0.06 
-----------+-------------------------------------------------------+----------
     Total |       241          2        332        423        483 |     3,560 
           |    100.00     100.00     100.00     100.00     100.00 |    100.00 


           |              Health Locus of control-Self
    bCamCo |     6.333      6.500      6.667      6.750      7.000 |     Total
-----------+-------------------------------------------------------+----------
         0 |         1        194          0        203        131 |     1,348 
           |     50.00      36.53       0.00      34.76      31.49 |     37.87 
-----------+-------------------------------------------------------+----------
         1 |         1        118          0        134         79 |       821 
           |     50.00      22.22       0.00      22.95      18.99 |     23.06 
-----------+-------------------------------------------------------+----------
         2 |         0         87          1         81         54 |       529 
           |      0.00      16.38     100.00      13.87      12.98 |     14.86 
-----------+-------------------------------------------------------+----------
         3 |         0         39          0         56         37 |       314 
           |      0.00       7.34       0.00       9.59       8.89 |      8.82 
-----------+-------------------------------------------------------+----------
         4 |         0         36          0         41         33 |       208 
           |      0.00       6.78       0.00       7.02       7.93 |      5.84 
-----------+-------------------------------------------------------+----------
         5 |         0         21          0         25         25 |       128 
           |      0.00       3.95       0.00       4.28       6.01 |      3.60 
-----------+-------------------------------------------------------+----------
         6 |         0         10          0         21         16 |        82 
           |      0.00       1.88       0.00       3.60       3.85 |      2.30 
-----------+-------------------------------------------------------+----------
         7 |         0          8          0          8         10 |        41 
           |      0.00       1.51       0.00       1.37       2.40 |      1.15 
-----------+-------------------------------------------------------+----------
         8 |         0         11          0          4          9 |        36 
           |      0.00       2.07       0.00       0.68       2.16 |      1.01 
-----------+-------------------------------------------------------+----------
         9 |         0          3          0          4          6 |        18 
           |      0.00       0.56       0.00       0.68       1.44 |      0.51 
-----------+-------------------------------------------------------+----------
        10 |         0          3          0          3          7 |        16 
           |      0.00       0.56       0.00       0.51       1.68 |      0.45 
-----------+-------------------------------------------------------+----------
        11 |         0          0          0          0          5 |         8 
           |      0.00       0.00       0.00       0.00       1.20 |      0.22 
-----------+-------------------------------------------------------+----------
        12 |         0          1          0          3          0 |         4 
           |      0.00       0.19       0.00       0.51       0.00 |      0.11 
-----------+-------------------------------------------------------+----------
        13 |         0          0          0          1          3 |         5 
           |      0.00       0.00       0.00       0.17       0.72 |      0.14 
-----------+-------------------------------------------------------+----------
        14 |         0          0          0          0          1 |         2 
           |      0.00       0.00       0.00       0.00       0.24 |      0.06 
-----------+-------------------------------------------------------+----------
     Total |         2        531          1        584        416 |     3,560 
           |    100.00     100.00     100.00     100.00     100.00 |    100.00 


+-------------------+
| Key               |
|-------------------|
|     frequency     |
| column percentage |
+-------------------+

           |                    bRace
    bCamCo | Non-Hispa  Non-Hispa  Mexican A  Other Rac |     Total
-----------+--------------------------------------------+----------
         0 |     1,213         48         41         46 |     1,348 
           |     37.45      40.34      43.16      42.99 |     37.87 
-----------+--------------------------------------------+----------
         1 |       758         27         14         22 |       821 
           |     23.40      22.69      14.74      20.56 |     23.06 
-----------+--------------------------------------------+----------
         2 |       485         17         11         16 |       529 
           |     14.97      14.29      11.58      14.95 |     14.86 
-----------+--------------------------------------------+----------
         3 |       287         10         10          7 |       314 
           |      8.86       8.40      10.53       6.54 |      8.82 
-----------+--------------------------------------------+----------
         4 |       191          5          6          6 |       208 
           |      5.90       4.20       6.32       5.61 |      5.84 
-----------+--------------------------------------------+----------
         5 |       116          4          2          6 |       128 
           |      3.58       3.36       2.11       5.61 |      3.60 
-----------+--------------------------------------------+----------
         6 |        72          2          5          3 |        82 
           |      2.22       1.68       5.26       2.80 |      2.30 
-----------+--------------------------------------------+----------
         7 |        41          0          0          0 |        41 
           |      1.27       0.00       0.00       0.00 |      1.15 
-----------+--------------------------------------------+----------
         8 |        28          4          4          0 |        36 
           |      0.86       3.36       4.21       0.00 |      1.01 
-----------+--------------------------------------------+----------
         9 |        15          2          1          0 |        18 
           |      0.46       1.68       1.05       0.00 |      0.51 
-----------+--------------------------------------------+----------
        10 |        15          0          1          0 |        16 
           |      0.46       0.00       1.05       0.00 |      0.45 
-----------+--------------------------------------------+----------
        11 |         7          0          0          1 |         8 
           |      0.22       0.00       0.00       0.93 |      0.22 
-----------+--------------------------------------------+----------
        12 |         4          0          0          0 |         4 
           |      0.12       0.00       0.00       0.00 |      0.11 
-----------+--------------------------------------------+----------
        13 |         5          0          0          0 |         5 
           |      0.15       0.00       0.00       0.00 |      0.14 
-----------+--------------------------------------------+----------
        14 |         2          0          0          0 |         2 
           |      0.06       0.00       0.00       0.00 |      0.06 
-----------+--------------------------------------------+----------
     Total |     3,239        119         95        107 |     3,560 
           |    100.00     100.00     100.00     100.00 |    100.00 


+-------------------+
| Key               |
|-------------------|
|     frequency     |
| column percentage |
+-------------------+

           |   RECODE of B1PRSEX
           |  (Respondent gender)
    bCamCo |      Male     Female |     Total
-----------+----------------------+----------
         0 |       750        598 |     1,348 
           |     45.70      31.16 |     37.87 
-----------+----------------------+----------
         1 |       401        420 |       821 
           |     24.44      21.89 |     23.06 
-----------+----------------------+----------
         2 |       212        317 |       529 
           |     12.92      16.52 |     14.86 
-----------+----------------------+----------
         3 |       127        187 |       314 
           |      7.74       9.74 |      8.82 
-----------+----------------------+----------
         4 |        61        147 |       208 
           |      3.72       7.66 |      5.84 
-----------+----------------------+----------
         5 |        35         93 |       128 
           |      2.13       4.85 |      3.60 
-----------+----------------------+----------
         6 |        21         61 |        82 
           |      1.28       3.18 |      2.30 
-----------+----------------------+----------
         7 |        10         31 |        41 
           |      0.61       1.62 |      1.15 
-----------+----------------------+----------
         8 |        13         23 |        36 
           |      0.79       1.20 |      1.01 
-----------+----------------------+----------
         9 |         3         15 |        18 
           |      0.18       0.78 |      0.51 
-----------+----------------------+----------
        10 |         4         12 |        16 
           |      0.24       0.63 |      0.45 
-----------+----------------------+----------
        11 |         0          8 |         8 
           |      0.00       0.42 |      0.22 
-----------+----------------------+----------
        12 |         2          2 |         4 
           |      0.12       0.10 |      0.11 
-----------+----------------------+----------
        13 |         1          4 |         5 
           |      0.06       0.21 |      0.14 
-----------+----------------------+----------
        14 |         1          1 |         2 
           |      0.06       0.05 |      0.06 
-----------+----------------------+----------
     Total |     1,641      1,919 |     3,560 
           |    100.00     100.00 |    100.00 


+-------------------+
| Key               |
|-------------------|
|     frequency     |
| column percentage |
+-------------------+

           |                Religious Identification
    bCamCo |     7.000      8.000      9.000     10.000     11.000 |     Total
-----------+-------------------------------------------------------+----------
         0 |        42         18         45         52         45 |     1,348 
           |     53.16      46.15      52.94      50.00      49.45 |     37.87 
-----------+-------------------------------------------------------+----------
         1 |        20          7         16         21         19 |       821 
           |     25.32      17.95      18.82      20.19      20.88 |     23.06 
-----------+-------------------------------------------------------+----------
         2 |         8          2          9         10         13 |       529 
           |     10.13       5.13      10.59       9.62      14.29 |     14.86 
-----------+-------------------------------------------------------+----------
         3 |         2          4          3          3          4 |       314 
           |      2.53      10.26       3.53       2.88       4.40 |      8.82 
-----------+-------------------------------------------------------+----------
         4 |         0          2          4          6          4 |       208 
           |      0.00       5.13       4.71       5.77       4.40 |      5.84 
-----------+-------------------------------------------------------+----------
         5 |         2          3          3          5          1 |       128 
           |      2.53       7.69       3.53       4.81       1.10 |      3.60 
-----------+-------------------------------------------------------+----------
         6 |         3          1          3          2          0 |        82 
           |      3.80       2.56       3.53       1.92       0.00 |      2.30 
-----------+-------------------------------------------------------+----------
         7 |         0          0          0          0          3 |        41 
           |      0.00       0.00       0.00       0.00       3.30 |      1.15 
-----------+-------------------------------------------------------+----------
         8 |         1          1          2          1          0 |        36 
           |      1.27       2.56       2.35       0.96       0.00 |      1.01 
-----------+-------------------------------------------------------+----------
         9 |         0          0          0          1          1 |        18 
           |      0.00       0.00       0.00       0.96       1.10 |      0.51 
-----------+-------------------------------------------------------+----------
        10 |         0          0          0          1          0 |        16 
           |      0.00       0.00       0.00       0.96       0.00 |      0.45 
-----------+-------------------------------------------------------+----------
        11 |         0          1          0          2          1 |         8 
           |      0.00       2.56       0.00       1.92       1.10 |      0.22 
-----------+-------------------------------------------------------+----------
        12 |         0          0          0          0          0 |         4 
           |      0.00       0.00       0.00       0.00       0.00 |      0.11 
-----------+-------------------------------------------------------+----------
        13 |         0          0          0          0          0 |         5 
           |      0.00       0.00       0.00       0.00       0.00 |      0.14 
-----------+-------------------------------------------------------+----------
        14 |         1          0          0          0          0 |         2 
           |      1.27       0.00       0.00       0.00       0.00 |      0.06 
-----------+-------------------------------------------------------+----------
     Total |        79         39         85        104         91 |     3,560 
           |    100.00     100.00     100.00     100.00     100.00 |    100.00 


           |                Religious Identification
    bCamCo |    11.667     12.000     12.833     13.000     14.000 |     Total
-----------+-------------------------------------------------------+----------
         0 |         0         64          0         46         61 |     1,348 
           |      0.00      58.18       0.00      50.00      50.00 |     37.87 
-----------+-------------------------------------------------------+----------
         1 |         0         19          0         15         27 |       821 
           |      0.00      17.27       0.00      16.30      22.13 |     23.06 
-----------+-------------------------------------------------------+----------
         2 |         0          8          1         10         11 |       529 
           |      0.00       7.27     100.00      10.87       9.02 |     14.86 
-----------+-------------------------------------------------------+----------
         3 |         0         10          0          3         12 |       314 
           |      0.00       9.09       0.00       3.26       9.84 |      8.82 
-----------+-------------------------------------------------------+----------
         4 |         0          4          0          6          6 |       208 
           |      0.00       3.64       0.00       6.52       4.92 |      5.84 
-----------+-------------------------------------------------------+----------
         5 |         1          2          0          4          2 |       128 
           |    100.00       1.82       0.00       4.35       1.64 |      3.60 
-----------+-------------------------------------------------------+----------
         6 |         0          0          0          2          1 |        82 
           |      0.00       0.00       0.00       2.17       0.82 |      2.30 
-----------+-------------------------------------------------------+----------
         7 |         0          0          0          1          0 |        41 
           |      0.00       0.00       0.00       1.09       0.00 |      1.15 
-----------+-------------------------------------------------------+----------
         8 |         0          1          0          2          0 |        36 
           |      0.00       0.91       0.00       2.17       0.00 |      1.01 
-----------+-------------------------------------------------------+----------
         9 |         0          0          0          0          2 |        18 
           |      0.00       0.00       0.00       0.00       1.64 |      0.51 
-----------+-------------------------------------------------------+----------
        10 |         0          2          0          2          0 |        16 
           |      0.00       1.82       0.00       2.17       0.00 |      0.45 
-----------+-------------------------------------------------------+----------
        11 |         0          0          0          0          0 |         8 
           |      0.00       0.00       0.00       0.00       0.00 |      0.22 
-----------+-------------------------------------------------------+----------
        12 |         0          0          0          0          0 |         4 
           |      0.00       0.00       0.00       0.00       0.00 |      0.11 
-----------+-------------------------------------------------------+----------
        13 |         0          0          0          0          0 |         5 
           |      0.00       0.00       0.00       0.00       0.00 |      0.14 
-----------+-------------------------------------------------------+----------
        14 |         0          0          0          1          0 |         2 
           |      0.00       0.00       0.00       1.09       0.00 |      0.06 
-----------+-------------------------------------------------------+----------
     Total |         1        110          1         92        122 |     3,560 
           |    100.00     100.00     100.00     100.00     100.00 |    100.00 


           |                Religious Identification
    bCamCo |    15.000     15.167     15.400     16.000     16.333 |     Total
-----------+-------------------------------------------------------+----------
         0 |        66          0          0         76          2 |     1,348 
           |     44.90       0.00       0.00      47.20      66.67 |     37.87 
-----------+-------------------------------------------------------+----------
         1 |        26          1          0         31          0 |       821 
           |     17.69      33.33       0.00      19.25       0.00 |     23.06 
-----------+-------------------------------------------------------+----------
         2 |        20          1          1         21          1 |       529 
           |     13.61      33.33     100.00      13.04      33.33 |     14.86 
-----------+-------------------------------------------------------+----------
         3 |        14          0          0         11          0 |       314 
           |      9.52       0.00       0.00       6.83       0.00 |      8.82 
-----------+-------------------------------------------------------+----------
         4 |         6          1          0          9          0 |       208 
           |      4.08      33.33       0.00       5.59       0.00 |      5.84 
-----------+-------------------------------------------------------+----------
         5 |         2          0          0          5          0 |       128 
           |      1.36       0.00       0.00       3.11       0.00 |      3.60 
-----------+-------------------------------------------------------+----------
         6 |         5          0          0          1          0 |        82 
           |      3.40       0.00       0.00       0.62       0.00 |      2.30 
-----------+-------------------------------------------------------+----------
         7 |         4          0          0          1          0 |        41 
           |      2.72       0.00       0.00       0.62       0.00 |      1.15 
-----------+-------------------------------------------------------+----------
         8 |         1          0          0          4          0 |        36 
           |      0.68       0.00       0.00       2.48       0.00 |      1.01 
-----------+-------------------------------------------------------+----------
         9 |         0          0          0          0          0 |        18 
           |      0.00       0.00       0.00       0.00       0.00 |      0.51 
-----------+-------------------------------------------------------+----------
        10 |         1          0          0          2          0 |        16 
           |      0.68       0.00       0.00       1.24       0.00 |      0.45 
-----------+-------------------------------------------------------+----------
        11 |         2          0          0          0          0 |         8 
           |      1.36       0.00       0.00       0.00       0.00 |      0.22 
-----------+-------------------------------------------------------+----------
        12 |         0          0          0          0          0 |         4 
           |      0.00       0.00       0.00       0.00       0.00 |      0.11 
-----------+-------------------------------------------------------+----------
        13 |         0          0          0          0          0 |         5 
           |      0.00       0.00       0.00       0.00       0.00 |      0.14 
-----------+-------------------------------------------------------+----------
        14 |         0          0          0          0          0 |         2 
           |      0.00       0.00       0.00       0.00       0.00 |      0.06 
-----------+-------------------------------------------------------+----------
     Total |       147          3          1        161          3 |     3,560 
           |    100.00     100.00     100.00     100.00     100.00 |    100.00 


           |                Religious Identification
    bCamCo |    16.800     17.000     17.500     18.000     18.667 |     Total
-----------+-------------------------------------------------------+----------
         0 |         1         81          2         82          1 |     1,348 
           |     50.00      46.29      33.33      41.62      25.00 |     37.87 
-----------+-------------------------------------------------------+----------
         1 |         0         34          1         48          1 |       821 
           |      0.00      19.43      16.67      24.37      25.00 |     23.06 
-----------+-------------------------------------------------------+----------
         2 |         0         19          0         25          0 |       529 
           |      0.00      10.86       0.00      12.69       0.00 |     14.86 
-----------+-------------------------------------------------------+----------
         3 |         0         13          2         15          1 |       314 
           |      0.00       7.43      33.33       7.61      25.00 |      8.82 
-----------+-------------------------------------------------------+----------
         4 |         0         12          0          5          0 |       208 
           |      0.00       6.86       0.00       2.54       0.00 |      5.84 
-----------+-------------------------------------------------------+----------
         5 |         0          7          0          5          0 |       128 
           |      0.00       4.00       0.00       2.54       0.00 |      3.60 
-----------+-------------------------------------------------------+----------
         6 |         1          5          1          5          0 |        82 
           |     50.00       2.86      16.67       2.54       0.00 |      2.30 
-----------+-------------------------------------------------------+----------
         7 |         0          2          0          4          1 |        41 
           |      0.00       1.14       0.00       2.03      25.00 |      1.15 
-----------+-------------------------------------------------------+----------
         8 |         0          0          0          2          0 |        36 
           |      0.00       0.00       0.00       1.02       0.00 |      1.01 
-----------+-------------------------------------------------------+----------
         9 |         0          0          0          2          0 |        18 
           |      0.00       0.00       0.00       1.02       0.00 |      0.51 
-----------+-------------------------------------------------------+----------
        10 |         0          1          0          1          0 |        16 
           |      0.00       0.57       0.00       0.51       0.00 |      0.45 
-----------+-------------------------------------------------------+----------
        11 |         0          0          0          0          0 |         8 
           |      0.00       0.00       0.00       0.00       0.00 |      0.22 
-----------+-------------------------------------------------------+----------
        12 |         0          1          0          2          0 |         4 
           |      0.00       0.57       0.00       1.02       0.00 |      0.11 
-----------+-------------------------------------------------------+----------
        13 |         0          0          0          1          0 |         5 
           |      0.00       0.00       0.00       0.51       0.00 |      0.14 
-----------+-------------------------------------------------------+----------
        14 |         0          0          0          0          0 |         2 
           |      0.00       0.00       0.00       0.00       0.00 |      0.06 
-----------+-------------------------------------------------------+----------
     Total |         2        175          6        197          4 |     3,560 
           |    100.00     100.00     100.00     100.00     100.00 |    100.00 


           |                Religious Identification
    bCamCo |    19.000     19.833     20.000     21.000     22.000 |     Total
-----------+-------------------------------------------------------+----------
         0 |        77          1        107         97         68 |     1,348 
           |     39.29      25.00      46.12      37.16      32.23 |     37.87 
-----------+-------------------------------------------------------+----------
         1 |        43          1         55         59         43 |       821 
           |     21.94      25.00      23.71      22.61      20.38 |     23.06 
-----------+-------------------------------------------------------+----------
         2 |        29          2         29         43         38 |       529 
           |     14.80      50.00      12.50      16.48      18.01 |     14.86 
-----------+-------------------------------------------------------+----------
         3 |        22          0         12         26         19 |       314 
           |     11.22       0.00       5.17       9.96       9.00 |      8.82 
-----------+-------------------------------------------------------+----------
         4 |         9          0         11         12         15 |       208 
           |      4.59       0.00       4.74       4.60       7.11 |      5.84 
-----------+-------------------------------------------------------+----------
         5 |         4          0         10         11         12 |       128 
           |      2.04       0.00       4.31       4.21       5.69 |      3.60 
-----------+-------------------------------------------------------+----------
         6 |         4          0          3          6          6 |        82 
           |      2.04       0.00       1.29       2.30       2.84 |      2.30 
-----------+-------------------------------------------------------+----------
         7 |         0          0          2          1          4 |        41 
           |      0.00       0.00       0.86       0.38       1.90 |      1.15 
-----------+-------------------------------------------------------+----------
         8 |         5          0          1          1          5 |        36 
           |      2.55       0.00       0.43       0.38       2.37 |      1.01 
-----------+-------------------------------------------------------+----------
         9 |         2          0          0          1          1 |        18 
           |      1.02       0.00       0.00       0.38       0.47 |      0.51 
-----------+-------------------------------------------------------+----------
        10 |         0          0          1          3          0 |        16 
           |      0.00       0.00       0.43       1.15       0.00 |      0.45 
-----------+-------------------------------------------------------+----------
        11 |         0          0          0          0          0 |         8 
           |      0.00       0.00       0.00       0.00       0.00 |      0.22 
-----------+-------------------------------------------------------+----------
        12 |         1          0          0          0          0 |         4 
           |      0.51       0.00       0.00       0.00       0.00 |      0.11 
-----------+-------------------------------------------------------+----------
        13 |         0          0          1          1          0 |         5 
           |      0.00       0.00       0.43       0.38       0.00 |      0.14 
-----------+-------------------------------------------------------+----------
        14 |         0          0          0          0          0 |         2 
           |      0.00       0.00       0.00       0.00       0.00 |      0.06 
-----------+-------------------------------------------------------+----------
     Total |       196          4        232        261        211 |     3,560 
           |    100.00     100.00     100.00     100.00     100.00 |    100.00 


           |                Religious Identification
    bCamCo |    22.167     22.400     23.000     23.333     24.000 |     Total
-----------+-------------------------------------------------------+----------
         0 |         1          0         61          2         68 |     1,348 
           |     33.33       0.00      30.20      40.00      30.63 |     37.87 
-----------+-------------------------------------------------------+----------
         1 |         1          1         51          1         56 |       821 
           |     33.33     100.00      25.25      20.00      25.23 |     23.06 
-----------+-------------------------------------------------------+----------
         2 |         1          0         32          1         44 |       529 
           |     33.33       0.00      15.84      20.00      19.82 |     14.86 
-----------+-------------------------------------------------------+----------
         3 |         0          0         23          0         25 |       314 
           |      0.00       0.00      11.39       0.00      11.26 |      8.82 
-----------+-------------------------------------------------------+----------
         4 |         0          0         10          0         10 |       208 
           |      0.00       0.00       4.95       0.00       4.50 |      5.84 
-----------+-------------------------------------------------------+----------
         5 |         0          0          8          1          7 |       128 
           |      0.00       0.00       3.96      20.00       3.15 |      3.60 
-----------+-------------------------------------------------------+----------
         6 |         0          0          9          0          5 |        82 
           |      0.00       0.00       4.46       0.00       2.25 |      2.30 
-----------+-------------------------------------------------------+----------
         7 |         0          0          2          0          2 |        41 
           |      0.00       0.00       0.99       0.00       0.90 |      1.15 
-----------+-------------------------------------------------------+----------
         8 |         0          0          2          0          2 |        36 
           |      0.00       0.00       0.99       0.00       0.90 |      1.01 
-----------+-------------------------------------------------------+----------
         9 |         0          0          2          0          1 |        18 
           |      0.00       0.00       0.99       0.00       0.45 |      0.51 
-----------+-------------------------------------------------------+----------
        10 |         0          0          1          0          1 |        16 
           |      0.00       0.00       0.50       0.00       0.45 |      0.45 
-----------+-------------------------------------------------------+----------
        11 |         0          0          1          0          1 |         8 
           |      0.00       0.00       0.50       0.00       0.45 |      0.22 
-----------+-------------------------------------------------------+----------
        12 |         0          0          0          0          0 |         4 
           |      0.00       0.00       0.00       0.00       0.00 |      0.11 
-----------+-------------------------------------------------------+----------
        13 |         0          0          0          0          0 |         5 
           |      0.00       0.00       0.00       0.00       0.00 |      0.14 
-----------+-------------------------------------------------------+----------
        14 |         0          0          0          0          0 |         2 
           |      0.00       0.00       0.00       0.00       0.00 |      0.06 
-----------+-------------------------------------------------------+----------
     Total |         3          1        202          5        222 |     3,560 
           |    100.00     100.00     100.00     100.00     100.00 |    100.00 


           |                Religious Identification
    bCamCo |    24.500     25.000     25.667     26.000     26.250 |     Total
-----------+-------------------------------------------------------+----------
         0 |         0         60          0         50          0 |     1,348 
           |      0.00      26.91       0.00      22.32       0.00 |     37.87 
-----------+-------------------------------------------------------+----------
         1 |         0         58          1         63          1 |       821 
           |      0.00      26.01      33.33      28.13     100.00 |     23.06 
-----------+-------------------------------------------------------+----------
         2 |         0         44          1         38          0 |       529 
           |      0.00      19.73      33.33      16.96       0.00 |     14.86 
-----------+-------------------------------------------------------+----------
         3 |         1         26          0         23          0 |       314 
           |    100.00      11.66       0.00      10.27       0.00 |      8.82 
-----------+-------------------------------------------------------+----------
         4 |         0         18          1         23          0 |       208 
           |      0.00       8.07      33.33      10.27       0.00 |      5.84 
-----------+-------------------------------------------------------+----------
         5 |         0         11          0         10          0 |       128 
           |      0.00       4.93       0.00       4.46       0.00 |      3.60 
-----------+-------------------------------------------------------+----------
         6 |         0          2          0          9          0 |        82 
           |      0.00       0.90       0.00       4.02       0.00 |      2.30 
-----------+-------------------------------------------------------+----------
         7 |         0          3          0          6          0 |        41 
           |      0.00       1.35       0.00       2.68       0.00 |      1.15 
-----------+-------------------------------------------------------+----------
         8 |         0          0          0          1          0 |        36 
           |      0.00       0.00       0.00       0.45       0.00 |      1.01 
-----------+-------------------------------------------------------+----------
         9 |         0          1          0          1          0 |        18 
           |      0.00       0.45       0.00       0.45       0.00 |      0.51 
-----------+-------------------------------------------------------+----------
        10 |         0          0          0          0          0 |        16 
           |      0.00       0.00       0.00       0.00       0.00 |      0.45 
-----------+-------------------------------------------------------+----------
        11 |         0          0          0          0          0 |         8 
           |      0.00       0.00       0.00       0.00       0.00 |      0.22 
-----------+-------------------------------------------------------+----------
        12 |         0          0          0          0          0 |         4 
           |      0.00       0.00       0.00       0.00       0.00 |      0.11 
-----------+-------------------------------------------------------+----------
        13 |         0          0          0          0          0 |         5 
           |      0.00       0.00       0.00       0.00       0.00 |      0.14 
-----------+-------------------------------------------------------+----------
        14 |         0          0          0          0          0 |         2 
           |      0.00       0.00       0.00       0.00       0.00 |      0.06 
-----------+-------------------------------------------------------+----------
     Total |         1        223          3        224          1 |     3,560 
           |    100.00     100.00     100.00     100.00     100.00 |    100.00 


           |     Religious Identification
    bCamCo |    26.833     27.000     28.000 |     Total
-----------+---------------------------------+----------
         0 |         1         36         35 |     1,348 
           |     20.00      20.00      21.47 |     37.87 
-----------+---------------------------------+----------
         1 |         1         52         48 |       821 
           |     20.00      28.89      29.45 |     23.06 
-----------+---------------------------------+----------
         2 |         1         31         35 |       529 
           |     20.00      17.22      21.47 |     14.86 
-----------+---------------------------------+----------
         3 |         1         23         16 |       314 
           |     20.00      12.78       9.82 |      8.82 
-----------+---------------------------------+----------
         4 |         0         17         17 |       208 
           |      0.00       9.44      10.43 |      5.84 
-----------+---------------------------------+----------
         5 |         0          8          4 |       128 
           |      0.00       4.44       2.45 |      3.60 
-----------+---------------------------------+----------
         6 |         0          6          2 |        82 
           |      0.00       3.33       1.23 |      2.30 
-----------+---------------------------------+----------
         7 |         0          3          2 |        41 
           |      0.00       1.67       1.23 |      1.15 
-----------+---------------------------------+----------
         8 |         0          2          2 |        36 
           |      0.00       1.11       1.23 |      1.01 
-----------+---------------------------------+----------
         9 |         1          2          0 |        18 
           |     20.00       1.11       0.00 |      0.51 
-----------+---------------------------------+----------
        10 |         0          0          0 |        16 
           |      0.00       0.00       0.00 |      0.45 
-----------+---------------------------------+----------
        11 |         0          0          0 |         8 
           |      0.00       0.00       0.00 |      0.22 
-----------+---------------------------------+----------
        12 |         0          0          0 |         4 
           |      0.00       0.00       0.00 |      0.11 
-----------+---------------------------------+----------
        13 |         0          0          2 |         5 
           |      0.00       0.00       1.23 |      0.14 
-----------+---------------------------------+----------
        14 |         0          0          0 |         2 
           |      0.00       0.00       0.00 |      0.06 
-----------+---------------------------------+----------
     Total |         5        180        163 |     3,560 
           |    100.00     100.00     100.00 |    100.00 


+-------------------+
| Key               |
|-------------------|
|     frequency     |
| column percentage |
+-------------------+

           |                      Spirituality
    bCamCo |         2          3          4          5          6 |     Total
-----------+-------------------------------------------------------+----------
         0 |        85         28        216         90        485 |     1,345 
           |     67.46      66.67      59.34      50.00      43.85 |     37.82 
-----------+-------------------------------------------------------+----------
         1 |        29          5         70         42        261 |       820 
           |     23.02      11.90      19.23      23.33      23.60 |     23.06 
-----------+-------------------------------------------------------+----------
         2 |        10          4         33         18        158 |       529 
           |      7.94       9.52       9.07      10.00      14.29 |     14.88 
-----------+-------------------------------------------------------+----------
         3 |         0          0         24         10         88 |       314 
           |      0.00       0.00       6.59       5.56       7.96 |      8.83 
-----------+-------------------------------------------------------+----------
         4 |         1          3         14          5         47 |       208 
           |      0.79       7.14       3.85       2.78       4.25 |      5.85 
-----------+-------------------------------------------------------+----------
         5 |         1          1          4          6         32 |       128 
           |      0.79       2.38       1.10       3.33       2.89 |      3.60 
-----------+-------------------------------------------------------+----------
         6 |         0          1          2          4         14 |        82 
           |      0.00       2.38       0.55       2.22       1.27 |      2.31 
-----------+-------------------------------------------------------+----------
         7 |         0          0          0          2          9 |        41 
           |      0.00       0.00       0.00       1.11       0.81 |      1.15 
-----------+-------------------------------------------------------+----------
         8 |         0          0          0          2          6 |        36 
           |      0.00       0.00       0.00       1.11       0.54 |      1.01 
-----------+-------------------------------------------------------+----------
         9 |         0          0          0          1          3 |        18 
           |      0.00       0.00       0.00       0.56       0.27 |      0.51 
-----------+-------------------------------------------------------+----------
        10 |         0          0          1          0          0 |        16 
           |      0.00       0.00       0.27       0.00       0.00 |      0.45 
-----------+-------------------------------------------------------+----------
        11 |         0          0          0          0          2 |         8 
           |      0.00       0.00       0.00       0.00       0.18 |      0.22 
-----------+-------------------------------------------------------+----------
        12 |         0          0          0          0          0 |         4 
           |      0.00       0.00       0.00       0.00       0.00 |      0.11 
-----------+-------------------------------------------------------+----------
        13 |         0          0          0          0          0 |         5 
           |      0.00       0.00       0.00       0.00       0.00 |      0.14 
-----------+-------------------------------------------------------+----------
        14 |         0          0          0          0          1 |         2 
           |      0.00       0.00       0.00       0.00       0.09 |      0.06 
-----------+-------------------------------------------------------+----------
     Total |       126         42        364        180      1,106 |     3,556 
           |    100.00     100.00     100.00     100.00     100.00 |    100.00 


           |     Spirituality
    bCamCo |         7          8 |     Total
-----------+----------------------+----------
         0 |       164        277 |     1,345 
           |     31.91      22.63 |     37.82 
-----------+----------------------+----------
         1 |       147        266 |       820 
           |     28.60      21.73 |     23.06 
-----------+----------------------+----------
         2 |        87        219 |       529 
           |     16.93      17.89 |     14.88 
-----------+----------------------+----------
         3 |        53        139 |       314 
           |     10.31      11.36 |      8.83 
-----------+----------------------+----------
         4 |        21        117 |       208 
           |      4.09       9.56 |      5.85 
-----------+----------------------+----------
         5 |        17         67 |       128 
           |      3.31       5.47 |      3.60 
-----------+----------------------+----------
         6 |        10         51 |        82 
           |      1.95       4.17 |      2.31 
-----------+----------------------+----------
         7 |         5         25 |        41 
           |      0.97       2.04 |      1.15 
-----------+----------------------+----------
         8 |         4         24 |        36 
           |      0.78       1.96 |      1.01 
-----------+----------------------+----------
         9 |         1         13 |        18 
           |      0.19       1.06 |      0.51 
-----------+----------------------+----------
        10 |         3         12 |        16 
           |      0.58       0.98 |      0.45 
-----------+----------------------+----------
        11 |         1          5 |         8 
           |      0.19       0.41 |      0.22 
-----------+----------------------+----------
        12 |         1          3 |         4 
           |      0.19       0.25 |      0.11 
-----------+----------------------+----------
        13 |         0          5 |         5 
           |      0.00       0.41 |      0.14 
-----------+----------------------+----------
        14 |         0          1 |         2 
           |      0.00       0.08 |      0.06 
-----------+----------------------+----------
     Total |       514      1,224 |     3,556 
           |    100.00     100.00 |    100.00 


. 
. log close 
      name:  <unnamed>
       log:  C:\Users\hanna\git\AHL\Stata\data-cleaning\health-lifestyles-confer
> ence-crosstabs-bCamCo.log
  log type:  text
 closed on:  23 Feb 2021, 10:06:21
--------------------------------------------------------------------------------
