This is pdfTeX, Version 3.141592653-2.6-1.40.24 (TeX Live 2022) (preloaded format=pdflatex 2022.7.5)  5 JUL 2022 14:47
entering extended mode
 restricted \write18 enabled.
 %&-line parsing enabled.
**mediation.tex
(./mediation.tex
LaTeX2e <2022-06-01> patch level 4
L3 programming layer <2022-07-01> (c:/Users/hanna/AppData/Roaming/TinyTeX/texmf-dist/tex/latex/base/article.cls
Document Class: article 2021/10/04 v1.4n Standard LaTeX document class
(c:/Users/hanna/AppData/Roaming/TinyTeX/texmf-dist/tex/latex/base/size10.clo
File: size10.clo 2021/10/04 v1.4n Standard LaTeX file (size option)
)
\c@part=\count185
\c@section=\count186
\c@subsection=\count187
\c@subsubsection=\count188
\c@paragraph=\count189
\c@subparagraph=\count190
\c@figure=\count191
\c@table=\count192
\abovecaptionskip=\skip47
\belowcaptionskip=\skip48
\bibindent=\dimen138
) (c:/Users/hanna/AppData/Roaming/TinyTeX/texmf-dist/tex/latex/amsmath/amsmath.sty
Package: amsmath 2022/04/08 v2.17n AMS math features
\@mathmargin=\skip49
For additional information on amsmath, use the `?' option.
(c:/Users/hanna/AppData/Roaming/TinyTeX/texmf-dist/tex/latex/amsmath/amstext.sty
Package: amstext 2021/08/26 v2.01 AMS text
(c:/Users/hanna/AppData/Roaming/TinyTeX/texmf-dist/tex/latex/amsmath/amsgen.sty
File: amsgen.sty 1999/11/30 v2.0 generic functions
\@emptytoks=\toks16
\ex@=\dimen139
)) (c:/Users/hanna/AppData/Roaming/TinyTeX/texmf-dist/tex/latex/amsmath/amsbsy.sty
Package: amsbsy 1999/11/29 v1.2d Bold Symbols
\pmbraise@=\dimen140
) (c:/Users/hanna/AppData/Roaming/TinyTeX/texmf-dist/tex/latex/amsmath/amsopn.sty
Package: amsopn 2022/04/08 v2.04 operator names
)
\inf@bad=\count193
LaTeX Info: Redefining \frac on input line 234.
\uproot@=\count194
\leftroot@=\count195
LaTeX Info: Redefining \overline on input line 399.
LaTeX Info: Redefining \colon on input line 410.
\classnum@=\count196
\DOTSCASE@=\count197
LaTeX Info: Redefining \ldots on input line 496.
LaTeX Info: Redefining \dots on input line 499.
LaTeX Info: Redefining \cdots on input line 620.
\Mathstrutbox@=\box51
\strutbox@=\box52
LaTeX Info: Redefining \big on input line 722.
LaTeX Info: Redefining \Big on input line 723.
LaTeX Info: Redefining \bigg on input line 724.
LaTeX Info: Redefining \Bigg on input line 725.
\big@size=\dimen141
LaTeX Font Info:    Redeclaring font encoding OML on input line 743.
LaTeX Font Info:    Redeclaring font encoding OMS on input line 744.
\macc@depth=\count198
LaTeX Info: Redefining \bmod on input line 905.
LaTeX Info: Redefining \pmod on input line 910.
LaTeX Info: Redefining \smash on input line 940.
LaTeX Info: Redefining \relbar on input line 970.
LaTeX Info: Redefining \Relbar on input line 971.
\c@MaxMatrixCols=\count199
\dotsspace@=\muskip16
\c@parentequation=\count266
\dspbrk@lvl=\count267
\tag@help=\toks17
\row@=\count268
\column@=\count269
\maxfields@=\count270
\andhelp@=\toks18
\eqnshift@=\dimen142
\alignsep@=\dimen143
\tagshift@=\dimen144
\tagwidth@=\dimen145
\totwidth@=\dimen146
\lineht@=\dimen147
\@envbody=\toks19
\multlinegap=\skip50
\multlinetaggap=\skip51
\mathdisplay@stack=\toks20
LaTeX Info: Redefining \[ on input line 2953.
LaTeX Info: Redefining \] on input line 2954.
) (c:/Users/hanna/AppData/Roaming/TinyTeX/texmf-dist/tex/latex/amsfonts/amssymb.sty
Package: amssymb 2013/01/14 v3.01 AMS font symbols
(c:/Users/hanna/AppData/Roaming/TinyTeX/texmf-dist/tex/latex/amsfonts/amsfonts.sty
Package: amsfonts 2013/01/14 v3.01 Basic AMSFonts support
\symAMSa=\mathgroup4
\symAMSb=\mathgroup5
LaTeX Font Info:    Redeclaring math symbol \hbar on input line 98.
LaTeX Font Info:    Overwriting math alphabet `\mathfrak' in version `bold'
(Font)                  U/euf/m/n --> U/euf/b/n on input line 106.
)) (c:/Users/hanna/AppData/Roaming/TinyTeX/texmf-dist/tex/latex/lm/lmodern.sty
Package: lmodern 2015/05/01 v1.6.1 Latin Modern Fonts
LaTeX Font Info:    Overwriting symbol font `operators' in version `normal'
(Font)                  OT1/cmr/m/n --> OT1/lmr/m/n on input line 22.
LaTeX Font Info:    Overwriting symbol font `letters' in version `normal'
(Font)                  OML/cmm/m/it --> OML/lmm/m/it on input line 23.
LaTeX Font Info:    Overwriting symbol font `symbols' in version `normal'
(Font)                  OMS/cmsy/m/n --> OMS/lmsy/m/n on input line 24.
LaTeX Font Info:    Overwriting symbol font `largesymbols' in version `normal'
(Font)                  OMX/cmex/m/n --> OMX/lmex/m/n on input line 25.
LaTeX Font Info:    Overwriting symbol font `operators' in version `bold'
(Font)                  OT1/cmr/bx/n --> OT1/lmr/bx/n on input line 26.
LaTeX Font Info:    Overwriting symbol font `letters' in version `bold'
(Font)                  OML/cmm/b/it --> OML/lmm/b/it on input line 27.
LaTeX Font Info:    Overwriting symbol font `symbols' in version `bold'
(Font)                  OMS/cmsy/b/n --> OMS/lmsy/b/n on input line 28.
LaTeX Font Info:    Overwriting symbol font `largesymbols' in version `bold'
(Font)                  OMX/cmex/m/n --> OMX/lmex/m/n on input line 29.
LaTeX Font Info:    Overwriting math alphabet `\mathbf' in version `normal'
(Font)                  OT1/cmr/bx/n --> OT1/lmr/bx/n on input line 31.
LaTeX Font Info:    Overwriting math alphabet `\mathsf' in version `normal'
(Font)                  OT1/cmss/m/n --> OT1/lmss/m/n on input line 32.
LaTeX Font Info:    Overwriting math alphabet `\mathit' in version `normal'
(Font)                  OT1/cmr/m/it --> OT1/lmr/m/it on input line 33.
LaTeX Font Info:    Overwriting math alphabet `\mathtt' in version `normal'
(Font)                  OT1/cmtt/m/n --> OT1/lmtt/m/n on input line 34.
LaTeX Font Info:    Overwriting math alphabet `\mathbf' in version `bold'
(Font)                  OT1/cmr/bx/n --> OT1/lmr/bx/n on input line 35.
LaTeX Font Info:    Overwriting math alphabet `\mathsf' in version `bold'
(Font)                  OT1/cmss/bx/n --> OT1/lmss/bx/n on input line 36.
LaTeX Font Info:    Overwriting math alphabet `\mathit' in version `bold'
(Font)                  OT1/cmr/bx/it --> OT1/lmr/bx/it on input line 37.
LaTeX Font Info:    Overwriting math alphabet `\mathtt' in version `bold'
(Font)                  OT1/cmtt/m/n --> OT1/lmtt/m/n on input line 38.
) (c:/Users/hanna/AppData/Roaming/TinyTeX/texmf-dist/tex/generic/iftex/iftex.sty
Package: iftex 2022/02/03 v1.0f TeX engine tests
) (c:/Users/hanna/AppData/Roaming/TinyTeX/texmf-dist/tex/latex/base/fontenc.sty
Package: fontenc 2021/04/29 v2.0v Standard LaTeX package
LaTeX Font Info:    Trying to load font information for T1+lmr on input line 112.
(c:/Users/hanna/AppData/Roaming/TinyTeX/texmf-dist/tex/latex/lm/t1lmr.fd
File: t1lmr.fd 2015/05/01 v1.6.1 Font defs for Latin Modern
)) (c:/Users/hanna/AppData/Roaming/TinyTeX/texmf-dist/tex/latex/base/inputenc.sty
Package: inputenc 2021/02/14 v1.3d Input encoding file
\inpenc@prehook=\toks21
\inpenc@posthook=\toks22
) (c:/Users/hanna/AppData/Roaming/TinyTeX/texmf-dist/tex/latex/base/textcomp.sty
Package: textcomp 2020/02/02 v2.0n Standard LaTeX package
) (c:/Users/hanna/AppData/Roaming/TinyTeX/texmf-dist/tex/latex/xcolor/xcolor.sty
Package: xcolor 2022/06/12 v2.14 LaTeX color extensions (UK)
(c:/Users/hanna/AppData/Roaming/TinyTeX/texmf-dist/tex/latex/graphics-cfg/color.cfg
File: color.cfg 2016/01/02 v1.6 sample color configuration
)
Package xcolor Info: Driver file: pdftex.def on input line 227.
(c:/Users/hanna/AppData/Roaming/TinyTeX/texmf-dist/tex/latex/graphics-def/pdftex.def
File: pdftex.def 2020/10/05 v1.2a Graphics/color driver for pdftex
) (c:/Users/hanna/AppData/Roaming/TinyTeX/texmf-dist/tex/latex/graphics/mathcolor.ltx)
Package xcolor Info: Model `cmy' substituted by `cmy0' on input line 1353.
Package xcolor Info: Model `hsb' substituted by `rgb' on input line 1357.
Package xcolor Info: Model `RGB' extended on input line 1369.
Package xcolor Info: Model `HTML' substituted by `rgb' on input line 1371.
Package xcolor Info: Model `Hsb' substituted by `hsb' on input line 1372.
Package xcolor Info: Model `tHsb' substituted by `hsb' on input line 1373.
Package xcolor Info: Model `HSB' substituted by `hsb' on input line 1374.
Package xcolor Info: Model `Gray' substituted by `gray' on input line 1375.
Package xcolor Info: Model `wave' substituted by `hsb' on input line 1376.
) (c:/Users/hanna/AppData/Roaming/TinyTeX/texmf-dist/tex/latex/hyperref/hyperref.sty
Package: hyperref 2022-06-20 v7.00s Hypertext links for LaTeX
(c:/Users/hanna/AppData/Roaming/TinyTeX/texmf-dist/tex/generic/ltxcmds/ltxcmds.sty
Package: ltxcmds 2020-05-10 v1.25 LaTeX kernel commands for general use (HO)
) (c:/Users/hanna/AppData/Roaming/TinyTeX/texmf-dist/tex/generic/pdftexcmds/pdftexcmds.sty
Package: pdftexcmds 2020-06-27 v0.33 Utility functions of pdfTeX for LuaTeX (HO)
(c:/Users/hanna/AppData/Roaming/TinyTeX/texmf-dist/tex/generic/infwarerr/infwarerr.sty
Package: infwarerr 2019/12/03 v1.5 Providing info/warning/error messages (HO)
)
Package pdftexcmds Info: \pdf@primitive is available.
Package pdftexcmds Info: \pdf@ifprimitive is available.
Package pdftexcmds Info: \pdfdraftmode found.
) (c:/Users/hanna/AppData/Roaming/TinyTeX/texmf-dist/tex/latex/graphics/keyval.sty
Package: keyval 2022/05/29 v1.15 key=value parser (DPC)
\KV@toks@=\toks23
) (c:/Users/hanna/AppData/Roaming/TinyTeX/texmf-dist/tex/generic/kvsetkeys/kvsetkeys.sty
Package: kvsetkeys 2019/12/15 v1.18 Key value parser (HO)
) (c:/Users/hanna/AppData/Roaming/TinyTeX/texmf-dist/tex/generic/kvdefinekeys/kvdefinekeys.sty
Package: kvdefinekeys 2019-12-19 v1.6 Define keys (HO)
) (c:/Users/hanna/AppData/Roaming/TinyTeX/texmf-dist/tex/generic/pdfescape/pdfescape.sty
Package: pdfescape 2019/12/09 v1.15 Implements pdfTeX's escape features (HO)
) (c:/Users/hanna/AppData/Roaming/TinyTeX/texmf-dist/tex/latex/hycolor/hycolor.sty
Package: hycolor 2020-01-27 v1.10 Color options for hyperref/bookmark (HO)
) (c:/Users/hanna/AppData/Roaming/TinyTeX/texmf-dist/tex/latex/letltxmacro/letltxmacro.sty
Package: letltxmacro 2019/12/03 v1.6 Let assignment for LaTeX macros (HO)
) (c:/Users/hanna/AppData/Roaming/TinyTeX/texmf-dist/tex/latex/auxhook/auxhook.sty
Package: auxhook 2019-12-17 v1.6 Hooks for auxiliary files (HO)
) (c:/Users/hanna/AppData/Roaming/TinyTeX/texmf-dist/tex/latex/hyperref/nameref.sty
Package: nameref 2022-05-17 v2.50 Cross-referencing by name of section
(c:/Users/hanna/AppData/Roaming/TinyTeX/texmf-dist/tex/latex/refcount/refcount.sty
Package: refcount 2019/12/15 v3.6 Data extraction from label references (HO)
) (c:/Users/hanna/AppData/Roaming/TinyTeX/texmf-dist/tex/generic/gettitlestring/gettitlestring.sty
Package: gettitlestring 2019/12/15 v1.6 Cleanup title references (HO)
(c:/Users/hanna/AppData/Roaming/TinyTeX/texmf-dist/tex/latex/kvoptions/kvoptions.sty
Package: kvoptions 2022-06-15 v3.15 Key value format for package options (HO)
))
\c@section@level=\count271
)
\@linkdim=\dimen148
\Hy@linkcounter=\count272
\Hy@pagecounter=\count273
(c:/Users/hanna/AppData/Roaming/TinyTeX/texmf-dist/tex/latex/hyperref/pd1enc.def
File: pd1enc.def 2022-06-20 v7.00s Hyperref: PDFDocEncoding definition (HO)
Now handling font encoding PD1 ...
... no UTF-8 mapping file for font encoding PD1
) (c:/Users/hanna/AppData/Roaming/TinyTeX/texmf-dist/tex/generic/intcalc/intcalc.sty
Package: intcalc 2019/12/15 v1.3 Expandable calculations with integers (HO)
) (c:/Users/hanna/AppData/Roaming/TinyTeX/texmf-dist/tex/generic/etexcmds/etexcmds.sty
Package: etexcmds 2019/12/15 v1.7 Avoid name clashes with e-TeX commands (HO)
)
\Hy@SavedSpaceFactor=\count274
(c:/Users/hanna/AppData/Roaming/TinyTeX/texmf-dist/tex/latex/hyperref/puenc.def
File: puenc.def 2022-06-20 v7.00s Hyperref: PDF Unicode definition (HO)
Now handling font encoding PU ...
... no UTF-8 mapping file for font encoding PU
)
Package hyperref Info: Option `unicode' set `true' on input line 4045.
Package hyperref Info: Hyper figures OFF on input line 4162.
Package hyperref Info: Link nesting OFF on input line 4167.
Package hyperref Info: Hyper index ON on input line 4170.
Package hyperref Info: Plain pages OFF on input line 4177.
Package hyperref Info: Backreferencing OFF on input line 4182.
Package hyperref Info: Implicit mode ON; LaTeX internals redefined.
Package hyperref Info: Bookmarks ON on input line 4408.
\c@Hy@tempcnt=\count275
(c:/Users/hanna/AppData/Roaming/TinyTeX/texmf-dist/tex/latex/url/url.sty
\Urlmuskip=\muskip17
Package: url 2013/09/16  ver 3.4  Verb mode for urls, etc.
)
LaTeX Info: Redefining \url on input line 4746.
\XeTeXLinkMargin=\dimen149
(c:/Users/hanna/AppData/Roaming/TinyTeX/texmf-dist/tex/generic/bitset/bitset.sty
Package: bitset 2019/12/09 v1.3 Handle bit-vector datatype (HO)
(c:/Users/hanna/AppData/Roaming/TinyTeX/texmf-dist/tex/generic/bigintcalc/bigintcalc.sty
Package: bigintcalc 2019/12/15 v1.5 Expandable calculations on big integers (HO)
))
\Fld@menulength=\count276
\Field@Width=\dimen150
\Fld@charsize=\dimen151
Package hyperref Info: Hyper figures OFF on input line 6024.
Package hyperref Info: Link nesting OFF on input line 6029.
Package hyperref Info: Hyper index ON on input line 6032.
Package hyperref Info: backreferencing OFF on input line 6039.
Package hyperref Info: Link coloring OFF on input line 6044.
Package hyperref Info: Link coloring with OCG OFF on input line 6049.
Package hyperref Info: PDF/A mode OFF on input line 6054.
(c:/Users/hanna/AppData/Roaming/TinyTeX/texmf-dist/tex/latex/base/atbegshi-ltx.sty
Package: atbegshi-ltx 2021/01/10 v1.0c Emulation of the original atbegshi
package with kernel methods
)
\Hy@abspage=\count277
\c@Item=\count278
\c@Hfootnote=\count279
)
Package hyperref Info: Driver (autodetected): hpdftex.
(c:/Users/hanna/AppData/Roaming/TinyTeX/texmf-dist/tex/latex/hyperref/hpdftex.def
File: hpdftex.def 2022-06-20 v7.00s Hyperref driver for pdfTeX
(c:/Users/hanna/AppData/Roaming/TinyTeX/texmf-dist/tex/latex/base/atveryend-ltx.sty
Package: atveryend-ltx 2020/08/19 v1.0a Emulation of the original atveryend package
with kernel methods
)
\Fld@listcount=\count280
\c@bookmark@seq@number=\count281
(c:/Users/hanna/AppData/Roaming/TinyTeX/texmf-dist/tex/latex/rerunfilecheck/rerunfilecheck.sty
Package: rerunfilecheck 2019/12/05 v1.9 Rerun checks for auxiliary files (HO)
(c:/Users/hanna/AppData/Roaming/TinyTeX/texmf-dist/tex/generic/uniquecounter/uniquecounter.sty
Package: uniquecounter 2019/12/15 v1.4 Provide unlimited unique counter (HO)
)
Package uniquecounter Info: New unique counter `rerunfilecheck' on input line 286.
)
\Hy@SectionHShift=\skip52
) (c:/Users/hanna/AppData/Roaming/TinyTeX/texmf-dist/tex/latex/geometry/geometry.sty
Package: geometry 2020/01/02 v5.9 Page Geometry
(c:/Users/hanna/AppData/Roaming/TinyTeX/texmf-dist/tex/generic/iftex/ifvtex.sty
Package: ifvtex 2019/10/25 v1.7 ifvtex legacy package. Use iftex instead.
)
\Gm@cnth=\count282
\Gm@cntv=\count283
\c@Gm@tempcnt=\count284
\Gm@bindingoffset=\dimen152
\Gm@wd@mp=\dimen153
\Gm@odd@mp=\dimen154
\Gm@even@mp=\dimen155
\Gm@layoutwidth=\dimen156
\Gm@layoutheight=\dimen157
\Gm@layouthoffset=\dimen158
\Gm@layoutvoffset=\dimen159
\Gm@dimlist=\toks24
) (c:/Users/hanna/AppData/Roaming/TinyTeX/texmf-dist/tex/latex/tools/longtable.sty
Package: longtable 2021-09-01 v4.17 Multi-page Table package (DPC)
\LTleft=\skip53
\LTright=\skip54
\LTpre=\skip55
\LTpost=\skip56
\LTchunksize=\count285
\LTcapwidth=\dimen160
\LT@head=\box53
\LT@firsthead=\box54
\LT@foot=\box55
\LT@lastfoot=\box56
\LT@gbox=\box57
\LT@cols=\count286
\LT@rows=\count287
\c@LT@tables=\count288
\c@LT@chunks=\count289
\LT@p@ftn=\toks25
) (c:/Users/hanna/AppData/Roaming/TinyTeX/texmf-dist/tex/latex/booktabs/booktabs.sty
Package: booktabs 2020/01/12 v1.61803398 Publication quality tables
\heavyrulewidth=\dimen161
\lightrulewidth=\dimen162
\cmidrulewidth=\dimen163
\belowrulesep=\dimen164
\belowbottomsep=\dimen165
\aboverulesep=\dimen166
\abovetopsep=\dimen167
\cmidrulesep=\dimen168
\cmidrulekern=\dimen169
\defaultaddspace=\dimen170
\@cmidla=\count290
\@cmidlb=\count291
\@aboverulesep=\dimen171
\@belowrulesep=\dimen172
\@thisruleclass=\count292
\@lastruleclass=\count293
\@thisrulewidth=\dimen173
) (c:/Users/hanna/AppData/Roaming/TinyTeX/texmf-dist/tex/latex/tools/array.sty
Package: array 2022/03/10 v2.5f Tabular extension package (FMi)
\col@sep=\dimen174
\ar@mcellbox=\box58
\extrarowheight=\dimen175
\NC@list=\toks26
\extratabsurround=\skip57
\backup@length=\skip58
\ar@cellbox=\box59
) (c:/Users/hanna/AppData/Roaming/TinyTeX/texmf-dist/tex/latex/tools/calc.sty
Package: calc 2017/05/25 v4.3 Infix arithmetic (KKT,FJ)
\calc@Acount=\count294
\calc@Bcount=\count295
\calc@Adimen=\dimen176
\calc@Bdimen=\dimen177
\calc@Askip=\skip59
\calc@Bskip=\skip60
LaTeX Info: Redefining \setlength on input line 80.
LaTeX Info: Redefining \addtolength on input line 81.
\calc@Ccount=\count296
\calc@Cskip=\skip61
) (c:/Users/hanna/AppData/Roaming/TinyTeX/texmf-dist/tex/latex/etoolbox/etoolbox.sty
Package: etoolbox 2020/10/05 v2.5k e-TeX tools for LaTeX (JAW)
\etb@tempcnta=\count297
) (c:/Users/hanna/AppData/Roaming/TinyTeX/texmf-dist/tex/latex/mdwtools/footnote.sty
Package: footnote 1997/01/28 1.13 Save footnotes around boxes
\fn@notes=\box60
\fn@width=\dimen178
) (c:/Users/hanna/AppData/Roaming/TinyTeX/texmf-dist/tex/latex/graphics/graphicx.sty
Package: graphicx 2021/09/16 v1.2d Enhanced LaTeX Graphics (DPC,SPQR)
(c:/Users/hanna/AppData/Roaming/TinyTeX/texmf-dist/tex/latex/graphics/graphics.sty
Package: graphics 2022/03/10 v1.4e Standard LaTeX Graphics (DPC,SPQR)
(c:/Users/hanna/AppData/Roaming/TinyTeX/texmf-dist/tex/latex/graphics/trig.sty
Package: trig 2021/08/11 v1.11 sin cos tan (DPC)
) (c:/Users/hanna/AppData/Roaming/TinyTeX/texmf-dist/tex/latex/graphics-cfg/graphics.cfg
File: graphics.cfg 2016/06/04 v1.11 sample graphics configuration
)
Package graphics Info: Driver file: pdftex.def on input line 107.
)
\Gin@req@height=\dimen179
\Gin@req@width=\dimen180
) (c:/Users/hanna/AppData/Roaming/TinyTeX/texmf-dist/tex/latex/float/float.sty
Package: float 2001/11/08 v1.3d Float enhancements (AL)
\c@float@type=\count298
\float@exts=\toks27
\float@box=\box61
\@float@everytoks=\toks28
\@floatcapt=\box62
) (c:/Users/hanna/AppData/Roaming/TinyTeX/texmf-dist/tex/latex/sectsty/sectsty.sty
Package: sectsty 2002/02/25 v2.0.2 Commands to change all sectional heading styles

LaTeX Warning: Command \underbar  has changed.
               Check if current package is valid.


LaTeX Warning: Command \underline  has changed.
               Check if current package is valid.

) (c:/Users/hanna/AppData/Roaming/TinyTeX/texmf-dist/tex/latex/paralist/paralist.sty
Package: paralist 2017/01/22 v2.7 Extended list environments
\pltopsep=\skip62
\plpartopsep=\skip63
\plitemsep=\skip64
\plparsep=\skip65
\pl@lab=\toks29
) (c:/Users/hanna/AppData/Roaming/TinyTeX/texmf-dist/tex/latex/setspace/setspace.sty
Package: setspace 2011/12/19 v6.7a set line spacing
) (c:/Users/hanna/AppData/Roaming/TinyTeX/texmf-dist/tex/latex/fancyhdr/fancyhdr.sty
Package: fancyhdr 2022/05/18 v4.0.3 Extensive control of page headers and footers
\f@nch@headwidth=\skip66
\f@nch@O@elh=\skip67
\f@nch@O@erh=\skip68
\f@nch@O@olh=\skip69
\f@nch@O@orh=\skip70
\f@nch@O@elf=\skip71
\f@nch@O@erf=\skip72
\f@nch@O@olf=\skip73
\f@nch@O@orf=\skip74
) (c:/Users/hanna/AppData/Roaming/TinyTeX/texmf-dist/tex/latex/lastpage/lastpage.sty
Package: lastpage 2021/09/03 v1.2n Refers to last page's name (HMM; JPG)
) (c:/Users/hanna/AppData/Roaming/TinyTeX/texmf-dist/tex/latex/tools/dcolumn.sty
Package: dcolumn 2014/10/28 v1.06 decimal alignment package (DPC)
) (c:/Users/hanna/AppData/Roaming/TinyTeX/texmf-dist/tex/latex/graphics/rotating.sty
Package: rotating 2016/08/11 v2.16d rotated objects in LaTeX
(c:/Users/hanna/AppData/Roaming/TinyTeX/texmf-dist/tex/latex/base/ifthen.sty
Package: ifthen 2022/04/13 v1.1d Standard LaTeX ifthen package (DPC)
)
\c@r@tfl@t=\count299
\rotFPtop=\skip75
\rotFPbot=\skip76
\rot@float@box=\box63
\rot@mess@toks=\toks30
) (c:/Users/hanna/AppData/Roaming/TinyTeX/texmf-dist/tex/latex/multirow/multirow.sty
Package: multirow 2021/03/15 v2.8 Span multiple rows of a table
\multirow@colwidth=\skip77
\multirow@cntb=\count300
\multirow@dima=\skip78
\bigstrutjot=\dimen181
) (c:/Users/hanna/AppData/Roaming/TinyTeX/texmf-dist/tex/latex/wrapfig/wrapfig.sty
\wrapoverhang=\dimen182
\WF@size=\dimen183
\c@WF@wrappedlines=\count301
\WF@box=\box64
\WF@everypar=\toks31
Package: wrapfig 2003/01/31  v 3.6
) (c:/Users/hanna/AppData/Roaming/TinyTeX/texmf-dist/tex/latex/colortbl/colortbl.sty
Package: colortbl 2020/01/04 v1.0e Color table columns (DPC)
\everycr=\toks32
\minrowclearance=\skip79
) (c:/Users/hanna/AppData/Roaming/TinyTeX/texmf-dist/tex/latex/pdflscape/pdflscape.sty
Package: pdflscape 2019/12/05 v0.12 Display of landscape pages in PDF (HO)
(c:/Users/hanna/AppData/Roaming/TinyTeX/texmf-dist/tex/latex/graphics/lscape.sty
Package: lscape 2020/05/28 v3.02 Landscape Pages (DPC)
)
Package pdflscape Info: Auto-detected driver: pdftex on input line 81.
) (c:/Users/hanna/AppData/Roaming/TinyTeX/texmf-dist/tex/latex/tabu/tabu.sty
Package: tabu 2019/01/11 v2.9 - flexible LaTeX tabulars (FC+tabu-fixed)
(c:/Users/hanna/AppData/Roaming/TinyTeX/texmf-dist/tex/latex/varwidth/varwidth.sty
Package: varwidth 2009/03/30 ver 0.92;  Variable-width minipages
\@vwid@box=\box65
\sift@deathcycles=\count302
\@vwid@loff=\dimen184
\@vwid@roff=\dimen185
)
\c@taburow=\count303
\tabu@nbcols=\count304
\tabu@cnt=\count305
\tabu@Xcol=\count306
\tabu@alloc=\count307
\tabu@nested=\count308
\tabu@target=\dimen186
\tabu@spreadtarget=\dimen187
\tabu@naturalX=\dimen188
\tabucolX=\dimen189
\tabu@Xsum=\dimen190
\extrarowdepth=\dimen191
\abovetabulinesep=\dimen192
\belowtabulinesep=\dimen193
\tabustrutrule=\dimen194
\tabu@thebody=\toks33
\tabu@footnotes=\toks34
\tabu@box=\box66
\tabu@arstrutbox=\box67
\tabu@hleads=\box68
\tabu@vleads=\box69
\tabu@cellskip=\skip80
) (c:/Users/hanna/AppData/Roaming/TinyTeX/texmf-dist/tex/latex/threeparttable/threeparttable.sty
Package: threeparttable 2003/06/13  v 3.0
\@tempboxb=\box70
) (c:/Users/hanna/AppData/Roaming/TinyTeX/texmf-dist/tex/latex/threeparttablex/threeparttablex.sty
Package: threeparttablex 2013/07/23 v0.3 by daleif
(c:/Users/hanna/AppData/Roaming/TinyTeX/texmf-dist/tex/latex/environ/environ.sty
Package: environ 2014/05/04 v0.3 A new way to define environments
(c:/Users/hanna/AppData/Roaming/TinyTeX/texmf-dist/tex/latex/trimspaces/trimspaces.sty
Package: trimspaces 2009/09/17 v1.1 Trim spaces around a token list
))
\TPTL@width=\skip81
) (c:/Users/hanna/AppData/Roaming/TinyTeX/texmf-dist/tex/generic/ulem/ulem.sty
\UL@box=\box71
\UL@hyphenbox=\box72
\UL@skip=\skip82
\UL@hook=\toks35
\UL@height=\dimen195
\UL@pe=\count309
\UL@pixel=\dimen196
\ULC@box=\box73
Package: ulem 2019/11/18
\ULdepth=\dimen197
) (c:/Users/hanna/AppData/Roaming/TinyTeX/texmf-dist/tex/latex/makecell/makecell.sty
Package: makecell 2009/08/03 V0.1e Managing of Tab Column Heads and Cells
\rotheadsize=\dimen198
\c@nlinenum=\count310
\TeXr@lab=\toks36
) (c:/Users/hanna/AppData/Roaming/TinyTeX/texmf-dist/tex/latex/l3backend/l3backend-pdftex.def
File: l3backend-pdftex.def 2022-07-01 L3 backend support: PDF output (pdfTeX)
\l__color_backend_stack_int=\count311
\l__pdf_internal_box=\box74
) (./mediation.aux

LaTeX Warning: Label `tab:descriptives-table' multiply defined.


LaTeX Warning: Label `tab:descriptives-table' multiply defined.

)
\openout1 = `mediation.aux'.

LaTeX Font Info:    Checking defaults for OML/cmm/m/it on input line 102.
LaTeX Font Info:    ... okay on input line 102.
LaTeX Font Info:    Checking defaults for OMS/cmsy/m/n on input line 102.
LaTeX Font Info:    ... okay on input line 102.
LaTeX Font Info:    Checking defaults for OT1/cmr/m/n on input line 102.
LaTeX Font Info:    ... okay on input line 102.
LaTeX Font Info:    Checking defaults for T1/cmr/m/n on input line 102.
LaTeX Font Info:    ... okay on input line 102.
LaTeX Font Info:    Checking defaults for TS1/cmr/m/n on input line 102.
LaTeX Font Info:    ... okay on input line 102.
LaTeX Font Info:    Checking defaults for OMX/cmex/m/n on input line 102.
LaTeX Font Info:    ... okay on input line 102.
LaTeX Font Info:    Checking defaults for U/cmr/m/n on input line 102.
LaTeX Font Info:    ... okay on input line 102.
LaTeX Font Info:    Checking defaults for PD1/pdf/m/n on input line 102.
LaTeX Font Info:    ... okay on input line 102.
LaTeX Font Info:    Checking defaults for PU/pdf/m/n on input line 102.
LaTeX Font Info:    ... okay on input line 102.
(c:/Users/hanna/AppData/Roaming/TinyTeX/texmf-dist/tex/latex/epstopdf-pkg/epstopdf-base.sty
Package: epstopdf-base 2020-01-24 v2.11 Base part for package epstopdf
Package epstopdf-base Info: Redefining graphics rule for `.eps' on input line 485.
(c:/Users/hanna/AppData/Roaming/TinyTeX/texmf-dist/tex/latex/latexconfig/epstopdf-sys.cfg
File: epstopdf-sys.cfg 2010/07/13 v1.3 Configuration of (r)epstopdf for TeX Live
))
Package hyperref Info: Link coloring OFF on input line 102.
(./mediation.out) (./mediation.out)
\@outlinefile=\write3
\openout3 = `mediation.out'.

*geometry* driver: auto-detecting
*geometry* detected driver: pdftex
*geometry* verbose mode - [ preamble ] result:
* driver: pdftex
* paper: <default>
* layout: <same size as paper>
* layoutoffset:(h,v)=(0.0pt,0.0pt)
* modes: 
* h-part:(L,W,R)=(72.26999pt, 469.75502pt, 72.26999pt)
* v-part:(T,H,B)=(72.26999pt, 650.43001pt, 72.26999pt)
* \paperwidth=614.295pt
* \paperheight=794.96999pt
* \textwidth=469.75502pt
* \textheight=650.43001pt
* \oddsidemargin=0.0pt
* \evensidemargin=0.0pt
* \topmargin=-37.0pt
* \headheight=12.0pt
* \headsep=25.0pt
* \topskip=10.0pt
* \footskip=30.0pt
* \marginparwidth=65.0pt
* \marginparsep=11.0pt
* \columnsep=10.0pt
* \skip\footins=9.0pt plus 4.0pt minus 2.0pt
* \hoffset=0.0pt
* \voffset=0.0pt
* \mag=1000
* \@twocolumnfalse
* \@twosidefalse
* \@mparswitchfalse
* \@reversemarginfalse
* (1in=72.27pt=25.4mm, 1cm=28.453pt)

Package lastpage Info: Please have a look at the pageslts package at
(lastpage)             https://www.ctan.org/pkg/pageslts
(lastpage)             ! on input line 102.
LaTeX Font Info:    Trying to load font information for OT1+lmr on input line 104.
(c:/Users/hanna/AppData/Roaming/TinyTeX/texmf-dist/tex/latex/lm/ot1lmr.fd
File: ot1lmr.fd 2015/05/01 v1.6.1 Font defs for Latin Modern
)
LaTeX Font Info:    Trying to load font information for OML+lmm on input line 104.
(c:/Users/hanna/AppData/Roaming/TinyTeX/texmf-dist/tex/latex/lm/omllmm.fd
File: omllmm.fd 2015/05/01 v1.6.1 Font defs for Latin Modern
)
LaTeX Font Info:    Trying to load font information for OMS+lmsy on input line 104.
(c:/Users/hanna/AppData/Roaming/TinyTeX/texmf-dist/tex/latex/lm/omslmsy.fd
File: omslmsy.fd 2015/05/01 v1.6.1 Font defs for Latin Modern
)
LaTeX Font Info:    Trying to load font information for OMX+lmex on input line 104.
(c:/Users/hanna/AppData/Roaming/TinyTeX/texmf-dist/tex/latex/lm/omxlmex.fd
File: omxlmex.fd 2015/05/01 v1.6.1 Font defs for Latin Modern
)
LaTeX Font Info:    External font `lmex10' loaded for size
(Font)              <12> on input line 104.
LaTeX Font Info:    External font `lmex10' loaded for size
(Font)              <8> on input line 104.
LaTeX Font Info:    External font `lmex10' loaded for size
(Font)              <6> on input line 104.
LaTeX Font Info:    Trying to load font information for U+msa on input line 104.
(c:/Users/hanna/AppData/Roaming/TinyTeX/texmf-dist/tex/latex/amsfonts/umsa.fd
File: umsa.fd 2013/01/14 v3.01 AMS symbols A
)
LaTeX Font Info:    Trying to load font information for U+msb on input line 104.
(c:/Users/hanna/AppData/Roaming/TinyTeX/texmf-dist/tex/latex/amsfonts/umsb.fd
File: umsb.fd 2013/01/14 v3.01 AMS symbols B
) (./mediation.toc
LaTeX Font Info:    External font `lmex10' loaded for size
(Font)              <10> on input line 5.
LaTeX Font Info:    External font `lmex10' loaded for size
(Font)              <7> on input line 5.
LaTeX Font Info:    External font `lmex10' loaded for size
(Font)              <5> on input line 5.
)
\tf@toc=\write4
\openout4 = `mediation.toc'.

[1

{c:/Users/hanna/AppData/Roaming/TinyTeX/texmf-var/fonts/map/pdftex/updmap/pdftex.map}] [2]
LaTeX Font Info:    Trying to load font information for TS1+lmr on input line 123.
(c:/Users/hanna/AppData/Roaming/TinyTeX/texmf-dist/tex/latex/lm/ts1lmr.fd
File: ts1lmr.fd 2015/05/01 v1.6.1 Font defs for Latin Modern
) [3] [4] [5] [6] [7] [8] [9] [10] [11
pdfTeX warning (ext4): destination with the same identifier (name{table.2}) has been already used, duplicate ignored
<argument> ...shipout:D \box_use:N \l_shipout_box 
                                                  \__shipout_drop_firstpage_...
l.340 \end{landscape}
                     ] [12
pdfTeX warning (ext4): destination with the same identifier (name{table.3}) has been already used, duplicate ignored
<argument> ...shipout:D \box_use:N \l_shipout_box 
                                                  \__shipout_drop_firstpage_...
l.368 
      


] [13] [14
pdfTeX warning (ext4): destination with the same identifier (name{table.4}) has been already used, duplicate ignored
<argument> ...shipout:D \box_use:N \l_shipout_box 
                                                  \__shipout_drop_firstpage_...
l.409 \end{landscape}
                     ] [15
pdfTeX warning (ext4): destination with the same identifier (name{table.5}) has been already used, duplicate ignored
<argument> ...shipout:D \box_use:N \l_shipout_box 
                                                  \__shipout_drop_firstpage_...
l.439 
      


] [16] [17
pdfTeX warning (ext4): destination with the same identifier (name{table.6}) has been already used, duplicate ignored
<argument> ...shipout:D \box_use:N \l_shipout_box 
                                                  \__shipout_drop_firstpage_...
l.478 \end{landscape}
                     ] [18
pdfTeX warning (ext4): destination with the same identifier (name{table.7}) has been already used, duplicate ignored
<argument> ...shipout:D \box_use:N \l_shipout_box 
                                                  \__shipout_drop_firstpage_...
l.508 
      


] [19] [20
pdfTeX warning (ext4): destination with the same identifier (name{table.8}) has been already used, duplicate ignored
<argument> ...shipout:D \box_use:N \l_shipout_box 
                                                  \__shipout_drop_firstpage_...
l.547 \end{landscape}
                     ] [21
pdfTeX warning (ext4): destination with the same identifier (name{table.9}) has been already used, duplicate ignored
<argument> ...shipout:D \box_use:N \l_shipout_box 
                                                  \__shipout_drop_firstpage_...
l.577 
      


] [22] [23
pdfTeX warning (ext4): destination with the same identifier (name{table.10}) has been already used, duplicate ignored
<argument> ...shipout:D \box_use:N \l_shipout_box 
                                                  \__shipout_drop_firstpage_...
l.618 \end{landscape}
                     ] [24
pdfTeX warning (ext4): destination with the same identifier (name{table.11}) has been already used, duplicate ignored
<argument> ...shipout:D \box_use:N \l_shipout_box 
                                                  \__shipout_drop_firstpage_...
l.648 
      


]
LaTeX Font Info:    Trying to load font information for T1+lmtt on input line 662.
(c:/Users/hanna/AppData/Roaming/TinyTeX/texmf-dist/tex/latex/lm/t1lmtt.fd
File: t1lmtt.fd 2015/05/01 v1.6.1 Font defs for Latin Modern
)
Overfull \hbox (364.99255pt too wide) in paragraph at lines 664--664
[]\T1/lmtt/m/n/10 Error in h(simpleError(msg, call)): error in evaluating the argument 'object' in selecting a method for function 'fitMeasures': object 'model.summ.2' not found[] 
 []

[25] [26]
<mediation_files/figure-latex/path-totcams-chron-1.pdf, id=224, 469.755pt x 325.215pt>
File: mediation_files/figure-latex/path-totcams-chron-1.pdf Graphic file (type pdf)
<use mediation_files/figure-latex/path-totcams-chron-1.pdf>
Package pdftex.def Info: mediation_files/figure-latex/path-totcams-chron-1.pdf  used on input line 676.
(pdftex.def)             Requested size: 469.75386pt x 325.2142pt.
[27
pdfTeX warning (ext4): destination with the same identifier (name{figure.1}) has been already used, duplicate ignored
<argument> ...shipout:D \box_use:N \l_shipout_box 
                                                  \__shipout_drop_firstpage_...
l.680 \begin{landscape}
                       \begin{table} <./mediation_files/figure-latex/path-totcams-chron-1.pdf>]

LaTeX Warning: Float too large for page by 22.6363pt on input line 753.

[28
pdfTeX warning (ext4): destination with the same identifier (name{table.12}) has been already used, duplicate ignored
<argument> ...shipout:D \box_use:N \l_shipout_box 
                                                  \__shipout_drop_firstpage_...
l.754 \end{landscape}
                     ] [29
pdfTeX warning (ext4): destination with the same identifier (name{table.13}) has been already used, duplicate ignored
<argument> ...shipout:D \box_use:N \l_shipout_box 
                                                  \__shipout_drop_firstpage_...
l.786 \end{landscape}
                     ] [30
pdfTeX warning (ext4): destination with the same identifier (name{table.14}) has been already used, duplicate ignored
<argument> ...shipout:D \box_use:N \l_shipout_box 
                                                  \__shipout_drop_firstpage_...
l.805 \begin{landscape}
                       \begin{table}]

LaTeX Warning: Float too large for page by 27.24742pt on input line 892.

[31
pdfTeX warning (ext4): destination with the same identifier (name{table.15}) has been already used, duplicate ignored
<argument> ...shipout:D \box_use:N \l_shipout_box 
                                                  \__shipout_drop_firstpage_...
l.893 \end{landscape}
                     ] [32
pdfTeX warning (ext4): destination with the same identifier (name{table.16}) has been already used, duplicate ignored
<argument> ...shipout:D \box_use:N \l_shipout_box 
                                                  \__shipout_drop_firstpage_...
l.924 \end{landscape}
                     ]
<mediation_files/figure-latex/path-totcams-SRH-1.pdf, id=266, 469.755pt x 325.215pt>
File: mediation_files/figure-latex/path-totcams-SRH-1.pdf Graphic file (type pdf)
<use mediation_files/figure-latex/path-totcams-SRH-1.pdf>
Package pdftex.def Info: mediation_files/figure-latex/path-totcams-SRH-1.pdf  used on input line 943.
(pdftex.def)             Requested size: 469.75386pt x 325.2142pt.
[33








] [34
pdfTeX warning (ext4): destination with the same identifier (name{figure.2}) has been already used, duplicate ignored
<argument> ...shipout:D \box_use:N \l_shipout_box 
                                                  \__shipout_drop_firstpage_...
l.947 \begin{landscape}
                       \begin{table} <./mediation_files/figure-latex/path-totcams-SRH-1.pdf>]

LaTeX Warning: Float too large for page by 22.6363pt on input line 1020.

[35
pdfTeX warning (ext4): destination with the same identifier (name{table.17}) has been already used, duplicate ignored
<argument> ...shipout:D \box_use:N \l_shipout_box 
                                                  \__shipout_drop_firstpage_...
l.1021 \end{landscape}
                      ] [36
pdfTeX warning (ext4): destination with the same identifier (name{table.18}) has been already used, duplicate ignored
<argument> ...shipout:D \box_use:N \l_shipout_box 
                                                  \__shipout_drop_firstpage_...
l.1053 \end{landscape}
                      ] [37
pdfTeX warning (ext4): destination with the same identifier (name{table.19}) has been already used, duplicate ignored
<argument> ...shipout:D \box_use:N \l_shipout_box 
                                                  \__shipout_drop_firstpage_...
l.1072 \begin{landscape}
                        \begin{table}] [38
pdfTeX warning (ext4): destination with the same identifier (name{table.20}) has been already used, duplicate ignored
<argument> ...shipout:D \box_use:N \l_shipout_box 
                                                  \__shipout_drop_firstpage_...
l.1152 \end{landscape}
                      ] [39
pdfTeX warning (ext4): destination with the same identifier (name{table.21}) has been already used, duplicate ignored
<argument> ...shipout:D \box_use:N \l_shipout_box 
                                                  \__shipout_drop_firstpage_...
l.1183 \end{landscape}
                      ]
<mediation_files/figure-latex/path-totcams-diabetes-1.pdf, id=316, 469.755pt x 325.215pt>
File: mediation_files/figure-latex/path-totcams-diabetes-1.pdf Graphic file (type pdf)
<use mediation_files/figure-latex/path-totcams-diabetes-1.pdf>
Package pdftex.def Info: mediation_files/figure-latex/path-totcams-diabetes-1.pdf  used on input line 1198.
(pdftex.def)             Requested size: 469.75386pt x 325.2142pt.
[40








] [41
pdfTeX warning (ext4): destination with the same identifier (name{figure.3}) has been already used, duplicate ignored
<argument> ...shipout:D \box_use:N \l_shipout_box 
                                                  \__shipout_drop_firstpage_...
l.1202 \begin{landscape}
                        \begin{table} <./mediation_files/figure-latex/path-totcams-diabetes-1.pdf>]

LaTeX Warning: Float too large for page by 22.6363pt on input line 1275.

[42
pdfTeX warning (ext4): destination with the same identifier (name{table.22}) has been already used, duplicate ignored
<argument> ...shipout:D \box_use:N \l_shipout_box 
                                                  \__shipout_drop_firstpage_...
l.1276 \end{landscape}
                      ] [43
pdfTeX warning (ext4): destination with the same identifier (name{table.23}) has been already used, duplicate ignored
<argument> ...shipout:D \box_use:N \l_shipout_box 
                                                  \__shipout_drop_firstpage_...
l.1308 \end{landscape}
                      ] [44
pdfTeX warning (ext4): destination with the same identifier (name{table.24}) has been already used, duplicate ignored
<argument> ...shipout:D \box_use:N \l_shipout_box 
                                                  \__shipout_drop_firstpage_...
l.1327 \begin{landscape}
                        \begin{table}] [45
pdfTeX warning (ext4): destination with the same identifier (name{table.25}) has been already used, duplicate ignored
<argument> ...shipout:D \box_use:N \l_shipout_box 
                                                  \__shipout_drop_firstpage_...
l.1410 \end{landscape}
                      ] [46
pdfTeX warning (ext4): destination with the same identifier (name{table.26}) has been already used, duplicate ignored
<argument> ...shipout:D \box_use:N \l_shipout_box 
                                                  \__shipout_drop_firstpage_...
l.1441 \end{landscape}
                      ]
<mediation_files/figure-latex/path-totcams-chronicpain-1.pdf, id=365, 469.755pt x 325.215pt>
File: mediation_files/figure-latex/path-totcams-chronicpain-1.pdf Graphic file (type pdf)
<use mediation_files/figure-latex/path-totcams-chronicpain-1.pdf>
Package pdftex.def Info: mediation_files/figure-latex/path-totcams-chronicpain-1.pdf  used on input line 1456.
(pdftex.def)             Requested size: 469.75386pt x 325.2142pt.
[47








] [48
pdfTeX warning (ext4): destination with the same identifier (name{figure.4}) has been already used, duplicate ignored
<argument> ...shipout:D \box_use:N \l_shipout_box 
                                                  \__shipout_drop_firstpage_...
l.1460 \begin{landscape}
                        \begin{table} <./mediation_files/figure-latex/path-totcams-chronicpain-1.pdf>]

LaTeX Warning: Float too large for page by 22.6363pt on input line 1533.

[49
pdfTeX warning (ext4): destination with the same identifier (name{table.27}) has been already used, duplicate ignored
<argument> ...shipout:D \box_use:N \l_shipout_box 
                                                  \__shipout_drop_firstpage_...
l.1534 \end{landscape}
                      ] [50
pdfTeX warning (ext4): destination with the same identifier (name{table.28}) has been already used, duplicate ignored
<argument> ...shipout:D \box_use:N \l_shipout_box 
                                                  \__shipout_drop_firstpage_...
l.1566 \end{landscape}
                      ] [51
pdfTeX warning (ext4): destination with the same identifier (name{table.29}) has been already used, duplicate ignored
<argument> ...shipout:D \box_use:N \l_shipout_box 
                                                  \__shipout_drop_firstpage_...
l.1585 \begin{landscape}
                        \begin{table}] [52
pdfTeX warning (ext4): destination with the same identifier (name{table.30}) has been already used, duplicate ignored
<argument> ...shipout:D \box_use:N \l_shipout_box 
                                                  \__shipout_drop_firstpage_...
l.1668 \end{landscape}
                      ] [53
pdfTeX warning (ext4): destination with the same identifier (name{table.31}) has been already used, duplicate ignored
<argument> ...shipout:D \box_use:N \l_shipout_box 
                                                  \__shipout_drop_firstpage_...
l.1699 \end{landscape}
                      ]
<mediation_files/figure-latex/path-totcams-highbp-1.pdf, id=415, 469.755pt x 325.215pt>
File: mediation_files/figure-latex/path-totcams-highbp-1.pdf Graphic file (type pdf)
<use mediation_files/figure-latex/path-totcams-highbp-1.pdf>
Package pdftex.def Info: mediation_files/figure-latex/path-totcams-highbp-1.pdf  used on input line 1714.
(pdftex.def)             Requested size: 469.75386pt x 325.2142pt.
[54








] [55
pdfTeX warning (ext4): destination with the same identifier (name{figure.5}) has been already used, duplicate ignored
<argument> ...shipout:D \box_use:N \l_shipout_box 
                                                  \__shipout_drop_firstpage_...
l.1718 \begin{landscape}
                        \begin{table} <./mediation_files/figure-latex/path-totcams-highbp-1.pdf>]

LaTeX Warning: Float too large for page by 22.6363pt on input line 1791.

[56
pdfTeX warning (ext4): destination with the same identifier (name{table.32}) has been already used, duplicate ignored
<argument> ...shipout:D \box_use:N \l_shipout_box 
                                                  \__shipout_drop_firstpage_...
l.1792 \end{landscape}
                      ] [57
pdfTeX warning (ext4): destination with the same identifier (name{table.33}) has been already used, duplicate ignored
<argument> ...shipout:D \box_use:N \l_shipout_box 
                                                  \__shipout_drop_firstpage_...
l.1824 \end{landscape}
                      ] [58
pdfTeX warning (ext4): destination with the same identifier (name{table.34}) has been already used, duplicate ignored
<argument> ...shipout:D \box_use:N \l_shipout_box 
                                                  \__shipout_drop_firstpage_...
l.1843 \begin{landscape}
                        \begin{table}] [59
pdfTeX warning (ext4): destination with the same identifier (name{table.35}) has been already used, duplicate ignored
<argument> ...shipout:D \box_use:N \l_shipout_box 
                                                  \__shipout_drop_firstpage_...
l.1926 \end{landscape}
                      ] [60
pdfTeX warning (ext4): destination with the same identifier (name{table.36}) has been already used, duplicate ignored
<argument> ...shipout:D \box_use:N \l_shipout_box 
                                                  \__shipout_drop_firstpage_...
l.1957 \end{landscape}
                      ]
<mediation_files/figure-latex/path-totcams-dep-1.pdf, id=464, 469.755pt x 325.215pt>
File: mediation_files/figure-latex/path-totcams-dep-1.pdf Graphic file (type pdf)
<use mediation_files/figure-latex/path-totcams-dep-1.pdf>
Package pdftex.def Info: mediation_files/figure-latex/path-totcams-dep-1.pdf  used on input line 1972.
(pdftex.def)             Requested size: 469.75386pt x 325.2142pt.
[61








] [62
pdfTeX warning (ext4): destination with the same identifier (name{figure.6}) has been already used, duplicate ignored
<argument> ...shipout:D \box_use:N \l_shipout_box 
                                                  \__shipout_drop_firstpage_...
l.1976 \begin{landscape}
                        \begin{table} <./mediation_files/figure-latex/path-totcams-dep-1.pdf>]

LaTeX Warning: Float too large for page by 23.24756pt on input line 2049.

[63
pdfTeX warning (ext4): destination with the same identifier (name{table.37}) has been already used, duplicate ignored
<argument> ...shipout:D \box_use:N \l_shipout_box 
                                                  \__shipout_drop_firstpage_...
l.2050 \end{landscape}
                      ] [64
pdfTeX warning (ext4): destination with the same identifier (name{table.38}) has been already used, duplicate ignored
<argument> ...shipout:D \box_use:N \l_shipout_box 
                                                  \__shipout_drop_firstpage_...
l.2082 \end{landscape}
                      ] [65
pdfTeX warning (ext4): destination with the same identifier (name{table.39}) has been already used, duplicate ignored
<argument> ...shipout:D \box_use:N \l_shipout_box 
                                                  \__shipout_drop_firstpage_...
l.2101 \begin{landscape}
                        \begin{table}] [66
pdfTeX warning (ext4): destination with the same identifier (name{table.40}) has been already used, duplicate ignored
<argument> ...shipout:D \box_use:N \l_shipout_box 
                                                  \__shipout_drop_firstpage_...
l.2184 \end{landscape}
                      ] [67
pdfTeX warning (ext4): destination with the same identifier (name{table.41}) has been already used, duplicate ignored
<argument> ...shipout:D \box_use:N \l_shipout_box 
                                                  \__shipout_drop_firstpage_...
l.2215 \end{landscape}
                      ] [68








]
<mediation_files/figure-latex/path-mb-chron-1.pdf, id=528, 469.755pt x 325.215pt>
File: mediation_files/figure-latex/path-mb-chron-1.pdf Graphic file (type pdf)
<use mediation_files/figure-latex/path-mb-chron-1.pdf>
Package pdftex.def Info: mediation_files/figure-latex/path-mb-chron-1.pdf  used on input line 2235.
(pdftex.def)             Requested size: 469.75386pt x 325.2142pt.
[69
pdfTeX warning (ext4): destination with the same identifier (name{figure.7}) has been already used, duplicate ignored
<argument> ...shipout:D \box_use:N \l_shipout_box 
                                                  \__shipout_drop_firstpage_...
l.2239 \begin{landscape}
                        \begin{table} <./mediation_files/figure-latex/path-mb-chron-1.pdf>]

LaTeX Warning: Float too large for page by 22.6363pt on input line 2312.

[70
pdfTeX warning (ext4): destination with the same identifier (name{table.42}) has been already used, duplicate ignored
<argument> ...shipout:D \box_use:N \l_shipout_box 
                                                  \__shipout_drop_firstpage_...
l.2313 \end{landscape}
                      ] [71
pdfTeX warning (ext4): destination with the same identifier (name{table.43}) has been already used, duplicate ignored
<argument> ...shipout:D \box_use:N \l_shipout_box 
                                                  \__shipout_drop_firstpage_...
l.2345 \end{landscape}
                      ] [72
pdfTeX warning (ext4): destination with the same identifier (name{table.44}) has been already used, duplicate ignored
<argument> ...shipout:D \box_use:N \l_shipout_box 
                                                  \__shipout_drop_firstpage_...
l.2364 \begin{landscape}
                        \begin{table}] [73
pdfTeX warning (ext4): destination with the same identifier (name{table.45}) has been already used, duplicate ignored
<argument> ...shipout:D \box_use:N \l_shipout_box 
                                                  \__shipout_drop_firstpage_...
l.2447 \end{landscape}
                      ] [74
pdfTeX warning (ext4): destination with the same identifier (name{table.46}) has been already used, duplicate ignored
<argument> ...shipout:D \box_use:N \l_shipout_box 
                                                  \__shipout_drop_firstpage_...
l.2478 \end{landscape}
                      ]
<mediation_files/figure-latex/path-mb-srh-1.pdf, id=566, 469.755pt x 325.215pt>
File: mediation_files/figure-latex/path-mb-srh-1.pdf Graphic file (type pdf)
<use mediation_files/figure-latex/path-mb-srh-1.pdf>
Package pdftex.def Info: mediation_files/figure-latex/path-mb-srh-1.pdf  used on input line 2493.
(pdftex.def)             Requested size: 469.75386pt x 325.2142pt.
[75








] [76
pdfTeX warning (ext4): destination with the same identifier (name{figure.8}) has been already used, duplicate ignored
<argument> ...shipout:D \box_use:N \l_shipout_box 
                                                  \__shipout_drop_firstpage_...
l.2497 \begin{landscape}
                        \begin{table} <./mediation_files/figure-latex/path-mb-srh-1.pdf>]

LaTeX Warning: Float too large for page by 22.6363pt on input line 2570.

[77
pdfTeX warning (ext4): destination with the same identifier (name{table.47}) has been already used, duplicate ignored
<argument> ...shipout:D \box_use:N \l_shipout_box 
                                                  \__shipout_drop_firstpage_...
l.2571 \end{landscape}
                      ] [78
pdfTeX warning (ext4): destination with the same identifier (name{table.48}) has been already used, duplicate ignored
<argument> ...shipout:D \box_use:N \l_shipout_box 
                                                  \__shipout_drop_firstpage_...
l.2603 \end{landscape}
                      ] [79
pdfTeX warning (ext4): destination with the same identifier (name{table.49}) has been already used, duplicate ignored
<argument> ...shipout:D \box_use:N \l_shipout_box 
                                                  \__shipout_drop_firstpage_...
l.2622 \begin{landscape}
                        \begin{table}] [80
pdfTeX warning (ext4): destination with the same identifier (name{table.50}) has been already used, duplicate ignored
<argument> ...shipout:D \box_use:N \l_shipout_box 
                                                  \__shipout_drop_firstpage_...
l.2702 \end{landscape}
                      ] [81
pdfTeX warning (ext4): destination with the same identifier (name{table.51}) has been already used, duplicate ignored
<argument> ...shipout:D \box_use:N \l_shipout_box 
                                                  \__shipout_drop_firstpage_...
l.2733 \end{landscape}
                      ]
<mediation_files/figure-latex/path-mb-chronicpain-1.pdf, id=615, 469.755pt x 325.215pt>
File: mediation_files/figure-latex/path-mb-chronicpain-1.pdf Graphic file (type pdf)
<use mediation_files/figure-latex/path-mb-chronicpain-1.pdf>
Package pdftex.def Info: mediation_files/figure-latex/path-mb-chronicpain-1.pdf  used on input line 2750.
(pdftex.def)             Requested size: 469.75386pt x 325.2142pt.
[82








] [83
pdfTeX warning (ext4): destination with the same identifier (name{figure.9}) has been already used, duplicate ignored
<argument> ...shipout:D \box_use:N \l_shipout_box 
                                                  \__shipout_drop_firstpage_...
l.2754 \begin{landscape}
                        \begin{table} <./mediation_files/figure-latex/path-mb-chronicpain-1.pdf>]

LaTeX Warning: Float too large for page by 22.6363pt on input line 2827.

[84
pdfTeX warning (ext4): destination with the same identifier (name{table.52}) has been already used, duplicate ignored
<argument> ...shipout:D \box_use:N \l_shipout_box 
                                                  \__shipout_drop_firstpage_...
l.2828 \end{landscape}
                      ] [85
pdfTeX warning (ext4): destination with the same identifier (name{table.53}) has been already used, duplicate ignored
<argument> ...shipout:D \box_use:N \l_shipout_box 
                                                  \__shipout_drop_firstpage_...
l.2860 \end{landscape}
                      ] [86
pdfTeX warning (ext4): destination with the same identifier (name{table.54}) has been already used, duplicate ignored
<argument> ...shipout:D \box_use:N \l_shipout_box 
                                                  \__shipout_drop_firstpage_...
l.2879 \begin{landscape}
                        \begin{table}] [87
pdfTeX warning (ext4): destination with the same identifier (name{table.55}) has been already used, duplicate ignored
<argument> ...shipout:D \box_use:N \l_shipout_box 
                                                  \__shipout_drop_firstpage_...
l.2962 \end{landscape}
                      ] [88
pdfTeX warning (ext4): destination with the same identifier (name{table.56}) has been already used, duplicate ignored
<argument> ...shipout:D \box_use:N \l_shipout_box 
                                                  \__shipout_drop_firstpage_...
l.2993 \end{landscape}
                      ]
<mediation_files/figure-latex/path-mb-dep-1.pdf, id=665, 469.755pt x 325.215pt>
File: mediation_files/figure-latex/path-mb-dep-1.pdf Graphic file (type pdf)
<use mediation_files/figure-latex/path-mb-dep-1.pdf>
Package pdftex.def Info: mediation_files/figure-latex/path-mb-dep-1.pdf  used on input line 3006.
(pdftex.def)             Requested size: 469.75386pt x 325.2142pt.
[89








] [90
pdfTeX warning (ext4): destination with the same identifier (name{figure.10}) has been already used, duplicate ignored
<argument> ...shipout:D \box_use:N \l_shipout_box 
                                                  \__shipout_drop_firstpage_...
l.3010 \begin{landscape}
                        \begin{table} <./mediation_files/figure-latex/path-mb-dep-1.pdf>]

LaTeX Warning: Float too large for page by 23.24756pt on input line 3083.

[91
pdfTeX warning (ext4): destination with the same identifier (name{table.57}) has been already used, duplicate ignored
<argument> ...shipout:D \box_use:N \l_shipout_box 
                                                  \__shipout_drop_firstpage_...
l.3084 \end{landscape}
                      ] [92
pdfTeX warning (ext4): destination with the same identifier (name{table.58}) has been already used, duplicate ignored
<argument> ...shipout:D \box_use:N \l_shipout_box 
                                                  \__shipout_drop_firstpage_...
l.3116 \end{landscape}
                      ] [93
pdfTeX warning (ext4): destination with the same identifier (name{table.59}) has been already used, duplicate ignored
<argument> ...shipout:D \box_use:N \l_shipout_box 
                                                  \__shipout_drop_firstpage_...
l.3135 \begin{landscape}
                        \begin{table}] [94
pdfTeX warning (ext4): destination with the same identifier (name{table.60}) has been already used, duplicate ignored
<argument> ...shipout:D \box_use:N \l_shipout_box 
                                                  \__shipout_drop_firstpage_...
l.3218 \end{landscape}
                      ] [95
pdfTeX warning (ext4): destination with the same identifier (name{table.61}) has been already used, duplicate ignored
<argument> ...shipout:D \box_use:N \l_shipout_box 
                                                  \__shipout_drop_firstpage_...
l.3249 \end{landscape}
                      ] [96








]
<mediation_files/figure-latex/path-altmed-chron-1.pdf, id=728, 469.755pt x 325.215pt>
File: mediation_files/figure-latex/path-altmed-chron-1.pdf Graphic file (type pdf)
<use mediation_files/figure-latex/path-altmed-chron-1.pdf>
Package pdftex.def Info: mediation_files/figure-latex/path-altmed-chron-1.pdf  used on input line 3267.
(pdftex.def)             Requested size: 469.75386pt x 325.2142pt.
[97
pdfTeX warning (ext4): destination with the same identifier (name{figure.11}) has been already used, duplicate ignored
<argument> ...shipout:D \box_use:N \l_shipout_box 
                                                  \__shipout_drop_firstpage_...
l.3271 \begin{landscape}
                        \begin{table} <./mediation_files/figure-latex/path-altmed-chron-1.pdf>] [98
pdfTeX warning (ext4): destination with the same identifier (name{table.62}) has been already used, duplicate ignored
<argument> ...shipout:D \box_use:N \l_shipout_box 
                                                  \__shipout_drop_firstpage_...
l.3340 \end{landscape}
                      ] [99
pdfTeX warning (ext4): destination with the same identifier (name{table.63}) has been already used, duplicate ignored
<argument> ...shipout:D \box_use:N \l_shipout_box 
                                                  \__shipout_drop_firstpage_...
l.3372 \end{landscape}
                      ] [100
pdfTeX warning (ext4): destination with the same identifier (name{table.64}) has been already used, duplicate ignored
<argument> ...shipout:D \box_use:N \l_shipout_box 
                                                  \__shipout_drop_firstpage_...
l.3391 \begin{landscape}
                        \begin{table}] [101
pdfTeX warning (ext4): destination with the same identifier (name{table.65}) has been already used, duplicate ignored
<argument> ...shipout:D \box_use:N \l_shipout_box 
                                                  \__shipout_drop_firstpage_...
l.3474 \end{landscape}
                      ] [102
pdfTeX warning (ext4): destination with the same identifier (name{table.66}) has been already used, duplicate ignored
<argument> ...shipout:D \box_use:N \l_shipout_box 
                                                  \__shipout_drop_firstpage_...
l.3505 \end{landscape}
                      ]
<mediation_files/figure-latex/path-altmed-srh-1.pdf, id=765, 469.755pt x 325.215pt>
File: mediation_files/figure-latex/path-altmed-srh-1.pdf Graphic file (type pdf)
<use mediation_files/figure-latex/path-altmed-srh-1.pdf>
Package pdftex.def Info: mediation_files/figure-latex/path-altmed-srh-1.pdf  used on input line 3518.
(pdftex.def)             Requested size: 469.75386pt x 325.2142pt.
[103








] [104
pdfTeX warning (ext4): destination with the same identifier (name{figure.12}) has been already used, duplicate ignored
<argument> ...shipout:D \box_use:N \l_shipout_box 
                                                  \__shipout_drop_firstpage_...
l.3522 \begin{landscape}
                        \begin{table} <./mediation_files/figure-latex/path-altmed-srh-1.pdf>]

LaTeX Warning: Float too large for page by 31.6363pt on input line 3595.

[105
pdfTeX warning (ext4): destination with the same identifier (name{table.67}) has been already used, duplicate ignored
<argument> ...shipout:D \box_use:N \l_shipout_box 
                                                  \__shipout_drop_firstpage_...
l.3596 \end{landscape}
                      ] [106
pdfTeX warning (ext4): destination with the same identifier (name{table.68}) has been already used, duplicate ignored
<argument> ...shipout:D \box_use:N \l_shipout_box 
                                                  \__shipout_drop_firstpage_...
l.3628 \end{landscape}
                      ] [107
pdfTeX warning (ext4): destination with the same identifier (name{table.69}) has been already used, duplicate ignored
<argument> ...shipout:D \box_use:N \l_shipout_box 
                                                  \__shipout_drop_firstpage_...
l.3647 \begin{landscape}
                        \begin{table}] [108
pdfTeX warning (ext4): destination with the same identifier (name{table.70}) has been already used, duplicate ignored
<argument> ...shipout:D \box_use:N \l_shipout_box 
                                                  \__shipout_drop_firstpage_...
l.3727 \end{landscape}
                      ]
Overfull \hbox (6.80458pt too wide) in paragraph at lines 3734--3757
 [] 
 []

[109
pdfTeX warning (ext4): destination with the same identifier (name{table.71}) has been already used, duplicate ignored
<argument> ...shipout:D \box_use:N \l_shipout_box 
                                                  \__shipout_drop_firstpage_...
l.3758 \end{landscape}
                      ]
<mediation_files/figure-latex/path-altmed-highbp-1.pdf, id=816, 469.755pt x 325.215pt>
File: mediation_files/figure-latex/path-altmed-highbp-1.pdf Graphic file (type pdf)
<use mediation_files/figure-latex/path-altmed-highbp-1.pdf>
Package pdftex.def Info: mediation_files/figure-latex/path-altmed-highbp-1.pdf  used on input line 3771.
(pdftex.def)             Requested size: 469.75386pt x 325.2142pt.
[110








] [111
pdfTeX warning (ext4): destination with the same identifier (name{figure.13}) has been already used, duplicate ignored
<argument> ...shipout:D \box_use:N \l_shipout_box 
                                                  \__shipout_drop_firstpage_...
l.3775 \begin{landscape}
                        \begin{table} <./mediation_files/figure-latex/path-altmed-highbp-1.pdf>]

LaTeX Warning: Float too large for page by 31.6363pt on input line 3848.

[112
pdfTeX warning (ext4): destination with the same identifier (name{table.72}) has been already used, duplicate ignored
<argument> ...shipout:D \box_use:N \l_shipout_box 
                                                  \__shipout_drop_firstpage_...
l.3849 \end{landscape}
                      ] [113
pdfTeX warning (ext4): destination with the same identifier (name{table.73}) has been already used, duplicate ignored
<argument> ...shipout:D \box_use:N \l_shipout_box 
                                                  \__shipout_drop_firstpage_...
l.3881 \end{landscape}
                      ] [114
pdfTeX warning (ext4): destination with the same identifier (name{table.74}) has been already used, duplicate ignored
<argument> ...shipout:D \box_use:N \l_shipout_box 
                                                  \__shipout_drop_firstpage_...
l.3900 \begin{landscape}
                        \begin{table}] [115
pdfTeX warning (ext4): destination with the same identifier (name{table.75}) has been already used, duplicate ignored
<argument> ...shipout:D \box_use:N \l_shipout_box 
                                                  \__shipout_drop_firstpage_...
l.3983 \end{landscape}
                      ] [116
pdfTeX warning (ext4): destination with the same identifier (name{table.76}) has been already used, duplicate ignored
<argument> ...shipout:D \box_use:N \l_shipout_box 
                                                  \__shipout_drop_firstpage_...
l.4014 \end{landscape}
                      ]
<mediation_files/figure-latex/path-altmed-diabetes-1.pdf, id=865, 469.755pt x 325.215pt>
File: mediation_files/figure-latex/path-altmed-diabetes-1.pdf Graphic file (type pdf)
<use mediation_files/figure-latex/path-altmed-diabetes-1.pdf>
Package pdftex.def Info: mediation_files/figure-latex/path-altmed-diabetes-1.pdf  used on input line 4027.
(pdftex.def)             Requested size: 469.75386pt x 325.2142pt.
[117








] [118
pdfTeX warning (ext4): destination with the same identifier (name{figure.14}) has been already used, duplicate ignored
<argument> ...shipout:D \box_use:N \l_shipout_box 
                                                  \__shipout_drop_firstpage_...
l.4031 \begin{landscape}
                        \begin{table} <./mediation_files/figure-latex/path-altmed-diabetes-1.pdf>]

LaTeX Warning: Float too large for page by 31.6363pt on input line 4104.

[119
pdfTeX warning (ext4): destination with the same identifier (name{table.77}) has been already used, duplicate ignored
<argument> ...shipout:D \box_use:N \l_shipout_box 
                                                  \__shipout_drop_firstpage_...
l.4105 \end{landscape}
                      ] [120
pdfTeX warning (ext4): destination with the same identifier (name{table.78}) has been already used, duplicate ignored
<argument> ...shipout:D \box_use:N \l_shipout_box 
                                                  \__shipout_drop_firstpage_...
l.4137 \end{landscape}
                      ] [121
pdfTeX warning (ext4): destination with the same identifier (name{table.79}) has been already used, duplicate ignored
<argument> ...shipout:D \box_use:N \l_shipout_box 
                                                  \__shipout_drop_firstpage_...
l.4156 \begin{landscape}
                        \begin{table}] [122
pdfTeX warning (ext4): destination with the same identifier (name{table.80}) has been already used, duplicate ignored
<argument> ...shipout:D \box_use:N \l_shipout_box 
                                                  \__shipout_drop_firstpage_...
l.4239 \end{landscape}
                      ] [123
pdfTeX warning (ext4): destination with the same identifier (name{table.81}) has been already used, duplicate ignored
<argument> ...shipout:D \box_use:N \l_shipout_box 
                                                  \__shipout_drop_firstpage_...
l.4270 \end{landscape}
                      ]
<mediation_files/figure-latex/path-altmed-chronicpain-1.pdf, id=915, 469.755pt x 325.215pt>
File: mediation_files/figure-latex/path-altmed-chronicpain-1.pdf Graphic file (type pdf)
<use mediation_files/figure-latex/path-altmed-chronicpain-1.pdf>
Package pdftex.def Info: mediation_files/figure-latex/path-altmed-chronicpain-1.pdf  used on input line 4283.
(pdftex.def)             Requested size: 469.75386pt x 325.2142pt.
[124








] [125
pdfTeX warning (ext4): destination with the same identifier (name{figure.15}) has been already used, duplicate ignored
<argument> ...shipout:D \box_use:N \l_shipout_box 
                                                  \__shipout_drop_firstpage_...
l.4287 \begin{landscape}
                        \begin{table} <./mediation_files/figure-latex/path-altmed-chronicpain-1.pdf>]

LaTeX Warning: Float too large for page by 22.6363pt on input line 4360.

[126
pdfTeX warning (ext4): destination with the same identifier (name{table.82}) has been already used, duplicate ignored
<argument> ...shipout:D \box_use:N \l_shipout_box 
                                                  \__shipout_drop_firstpage_...
l.4361 \end{landscape}
                      ] [127
pdfTeX warning (ext4): destination with the same identifier (name{table.83}) has been already used, duplicate ignored
<argument> ...shipout:D \box_use:N \l_shipout_box 
                                                  \__shipout_drop_firstpage_...
l.4393 \end{landscape}
                      ] [128
pdfTeX warning (ext4): destination with the same identifier (name{table.84}) has been already used, duplicate ignored
<argument> ...shipout:D \box_use:N \l_shipout_box 
                                                  \__shipout_drop_firstpage_...
l.4412 \begin{landscape}
                        \begin{table}] [129
pdfTeX warning (ext4): destination with the same identifier (name{table.85}) has been already used, duplicate ignored
<argument> ...shipout:D \box_use:N \l_shipout_box 
                                                  \__shipout_drop_firstpage_...
l.4495 \end{landscape}
                      ] [130
pdfTeX warning (ext4): destination with the same identifier (name{table.86}) has been already used, duplicate ignored
<argument> ...shipout:D \box_use:N \l_shipout_box 
                                                  \__shipout_drop_firstpage_...
l.4526 \end{landscape}
                      ]
<mediation_files/figure-latex/path-altmed-dep-1.pdf, id=964, 469.755pt x 325.215pt>
File: mediation_files/figure-latex/path-altmed-dep-1.pdf Graphic file (type pdf)
<use mediation_files/figure-latex/path-altmed-dep-1.pdf>
Package pdftex.def Info: mediation_files/figure-latex/path-altmed-dep-1.pdf  used on input line 4539.
(pdftex.def)             Requested size: 469.75386pt x 325.2142pt.
[131








] [132
pdfTeX warning (ext4): destination with the same identifier (name{figure.16}) has been already used, duplicate ignored
<argument> ...shipout:D \box_use:N \l_shipout_box 
                                                  \__shipout_drop_firstpage_...
l.4543 \begin{landscape}
                        \begin{table} <./mediation_files/figure-latex/path-altmed-dep-1.pdf>]

LaTeX Warning: Float too large for page by 23.24756pt on input line 4616.

[133
pdfTeX warning (ext4): destination with the same identifier (name{table.87}) has been already used, duplicate ignored
<argument> ...shipout:D \box_use:N \l_shipout_box 
                                                  \__shipout_drop_firstpage_...
l.4617 \end{landscape}
                      ] [134
pdfTeX warning (ext4): destination with the same identifier (name{table.88}) has been already used, duplicate ignored
<argument> ...shipout:D \box_use:N \l_shipout_box 
                                                  \__shipout_drop_firstpage_...
l.4649 \end{landscape}
                      ] [135
pdfTeX warning (ext4): destination with the same identifier (name{table.89}) has been already used, duplicate ignored
<argument> ...shipout:D \box_use:N \l_shipout_box 
                                                  \__shipout_drop_firstpage_...
l.4668 \begin{landscape}
                        \begin{table}] [136
pdfTeX warning (ext4): destination with the same identifier (name{table.90}) has been already used, duplicate ignored
<argument> ...shipout:D \box_use:N \l_shipout_box 
                                                  \__shipout_drop_firstpage_...
l.4751 \end{landscape}
                      ] [137
pdfTeX warning (ext4): destination with the same identifier (name{table.91}) has been already used, duplicate ignored
<argument> ...shipout:D \box_use:N \l_shipout_box 
                                                  \__shipout_drop_firstpage_...
l.4782 \end{landscape}
                      ] [138








]
<mediation_files/figure-latex/path-pna-chron-1.pdf, id=1027, 469.755pt x 325.215pt>
File: mediation_files/figure-latex/path-pna-chron-1.pdf Graphic file (type pdf)
<use mediation_files/figure-latex/path-pna-chron-1.pdf>
Package pdftex.def Info: mediation_files/figure-latex/path-pna-chron-1.pdf  used on input line 4806.
(pdftex.def)             Requested size: 469.75386pt x 325.2142pt.
[139] [140
pdfTeX warning (ext4): destination with the same identifier (name{figure.17}) has been already used, duplicate ignored
<argument> ...shipout:D \box_use:N \l_shipout_box 
                                                  \__shipout_drop_firstpage_...
l.4810 \begin{landscape}
                        \begin{table} <./mediation_files/figure-latex/path-pna-chron-1.pdf>] [141
pdfTeX warning (ext4): destination with the same identifier (name{table.92}) has been already used, duplicate ignored
<argument> ...shipout:D \box_use:N \l_shipout_box 
                                                  \__shipout_drop_firstpage_...
l.4879 \end{landscape}
                      ]
Overfull \hbox (3.71933pt too wide) in paragraph at lines 4886--4910
 [] 
 []

[142
pdfTeX warning (ext4): destination with the same identifier (name{table.93}) has been already used, duplicate ignored
<argument> ...shipout:D \box_use:N \l_shipout_box 
                                                  \__shipout_drop_firstpage_...
l.4911 \end{landscape}
                      ] [143
pdfTeX warning (ext4): destination with the same identifier (name{table.94}) has been already used, duplicate ignored
<argument> ...shipout:D \box_use:N \l_shipout_box 
                                                  \__shipout_drop_firstpage_...
l.4930 \begin{landscape}
                        \begin{table}] [144
pdfTeX warning (ext4): destination with the same identifier (name{table.95}) has been already used, duplicate ignored
<argument> ...shipout:D \box_use:N \l_shipout_box 
                                                  \__shipout_drop_firstpage_...
l.5013 \end{landscape}
                      ]
Overfull \hbox (36.05316pt too wide) in paragraph at lines 5020--5043
 [] 
 []

[145
pdfTeX warning (ext4): destination with the same identifier (name{table.96}) has been already used, duplicate ignored
<argument> ...shipout:D \box_use:N \l_shipout_box 
                                                  \__shipout_drop_firstpage_...
l.5044 \end{landscape}
                      ] [146








]
<mediation_files/figure-latex/path-pna-srh-1.pdf, id=1082, 469.755pt x 325.215pt>
File: mediation_files/figure-latex/path-pna-srh-1.pdf Graphic file (type pdf)
<use mediation_files/figure-latex/path-pna-srh-1.pdf>
Package pdftex.def Info: mediation_files/figure-latex/path-pna-srh-1.pdf  used on input line 5061.
(pdftex.def)             Requested size: 469.75386pt x 325.2142pt.
[147] [148
pdfTeX warning (ext4): destination with the same identifier (name{figure.18}) has been already used, duplicate ignored
<argument> ...shipout:D \box_use:N \l_shipout_box 
                                                  \__shipout_drop_firstpage_...
l.5065 \begin{landscape}
                        \begin{table} <./mediation_files/figure-latex/path-pna-srh-1.pdf>]

LaTeX Warning: Float too large for page by 31.6363pt on input line 5138.

[149
pdfTeX warning (ext4): destination with the same identifier (name{table.97}) has been already used, duplicate ignored
<argument> ...shipout:D \box_use:N \l_shipout_box 
                                                  \__shipout_drop_firstpage_...
l.5139 \end{landscape}
                      ]
Overfull \hbox (15.74771pt too wide) in paragraph at lines 5146--5170
 [] 
 []

[150
pdfTeX warning (ext4): destination with the same identifier (name{table.98}) has been already used, duplicate ignored
<argument> ...shipout:D \box_use:N \l_shipout_box 
                                                  \__shipout_drop_firstpage_...
l.5171 \end{landscape}
                      ] [151
pdfTeX warning (ext4): destination with the same identifier (name{table.99}) has been already used, duplicate ignored
<argument> ...shipout:D \box_use:N \l_shipout_box 
                                                  \__shipout_drop_firstpage_...
l.5190 \begin{landscape}
                        \begin{table}] [152
pdfTeX warning (ext4): destination with the same identifier (name{table.100}) has been already used, duplicate ignored
<argument> ...shipout:D \box_use:N \l_shipout_box 
                                                  \__shipout_drop_firstpage_...
l.5270 \end{landscape}
                      ]
Overfull \hbox (43.08154pt too wide) in paragraph at lines 5277--5300
 [] 
 []

[153
pdfTeX warning (ext4): destination with the same identifier (name{table.101}) has been already used, duplicate ignored
<argument> ...shipout:D \box_use:N \l_shipout_box 
                                                  \__shipout_drop_firstpage_...
l.5301 \end{landscape}
                      ]
<mediation_files/figure-latex/path-pna-highbp-1.pdf, id=1123, 469.755pt x 325.215pt>
File: mediation_files/figure-latex/path-pna-highbp-1.pdf Graphic file (type pdf)
<use mediation_files/figure-latex/path-pna-highbp-1.pdf>
Package pdftex.def Info: mediation_files/figure-latex/path-pna-highbp-1.pdf  used on input line 5314.
(pdftex.def)             Requested size: 469.75386pt x 325.2142pt.
[154








] [155
pdfTeX warning (ext4): destination with the same identifier (name{figure.19}) has been already used, duplicate ignored
<argument> ...shipout:D \box_use:N \l_shipout_box 
                                                  \__shipout_drop_firstpage_...
l.5318 \begin{landscape}
                        \begin{table} <./mediation_files/figure-latex/path-pna-highbp-1.pdf>]

LaTeX Warning: Float too large for page by 31.6363pt on input line 5391.

[156
pdfTeX warning (ext4): destination with the same identifier (name{table.102}) has been already used, duplicate ignored
<argument> ...shipout:D \box_use:N \l_shipout_box 
                                                  \__shipout_drop_firstpage_...
l.5392 \end{landscape}
                      ]
Overfull \hbox (9.08063pt too wide) in paragraph at lines 5399--5423
 [] 
 []

[157
pdfTeX warning (ext4): destination with the same identifier (name{table.103}) has been already used, duplicate ignored
<argument> ...shipout:D \box_use:N \l_shipout_box 
                                                  \__shipout_drop_firstpage_...
l.5424 \end{landscape}
                      ] [158
pdfTeX warning (ext4): destination with the same identifier (name{table.104}) has been already used, duplicate ignored
<argument> ...shipout:D \box_use:N \l_shipout_box 
                                                  \__shipout_drop_firstpage_...
l.5443 \begin{landscape}
                        \begin{table}] [159
pdfTeX warning (ext4): destination with the same identifier (name{table.105}) has been already used, duplicate ignored
<argument> ...shipout:D \box_use:N \l_shipout_box 
                                                  \__shipout_drop_firstpage_...
l.5526 \end{landscape}
                      ]
Overfull \hbox (31.41446pt too wide) in paragraph at lines 5533--5556
 [] 
 []

[160
pdfTeX warning (ext4): destination with the same identifier (name{table.106}) has been already used, duplicate ignored
<argument> ...shipout:D \box_use:N \l_shipout_box 
                                                  \__shipout_drop_firstpage_...
l.5557 \end{landscape}
                      ] [161








]
<mediation_files/figure-latex/path-pna-chronicpain-1.pdf, id=1185, 469.755pt x 325.215pt>
File: mediation_files/figure-latex/path-pna-chronicpain-1.pdf Graphic file (type pdf)
<use mediation_files/figure-latex/path-pna-chronicpain-1.pdf>
Package pdftex.def Info: mediation_files/figure-latex/path-pna-chronicpain-1.pdf  used on input line 5574.
(pdftex.def)             Requested size: 469.75386pt x 325.2142pt.
[162
pdfTeX warning (ext4): destination with the same identifier (name{figure.20}) has been already used, duplicate ignored
<argument> ...shipout:D \box_use:N \l_shipout_box 
                                                  \__shipout_drop_firstpage_...
l.5578 \begin{landscape}
                        \begin{table} <./mediation_files/figure-latex/path-pna-chronicpain-1.pdf>]

LaTeX Warning: Float too large for page by 22.6363pt on input line 5651.

[163
pdfTeX warning (ext4): destination with the same identifier (name{table.107}) has been already used, duplicate ignored
<argument> ...shipout:D \box_use:N \l_shipout_box 
                                                  \__shipout_drop_firstpage_...
l.5652 \end{landscape}
                      ] [164
pdfTeX warning (ext4): destination with the same identifier (name{table.108}) has been already used, duplicate ignored
<argument> ...shipout:D \box_use:N \l_shipout_box 
                                                  \__shipout_drop_firstpage_...
l.5684 \end{landscape}
                      ] [165
pdfTeX warning (ext4): destination with the same identifier (name{table.109}) has been already used, duplicate ignored
<argument> ...shipout:D \box_use:N \l_shipout_box 
                                                  \__shipout_drop_firstpage_...
l.5703 \begin{landscape}
                        \begin{table}] [166
pdfTeX warning (ext4): destination with the same identifier (name{table.110}) has been already used, duplicate ignored
<argument> ...shipout:D \box_use:N \l_shipout_box 
                                                  \__shipout_drop_firstpage_...
l.5786 \end{landscape}
                      ]
Overfull \hbox (3.63663pt too wide) in paragraph at lines 5793--5816
 [] 
 []

[167
pdfTeX warning (ext4): destination with the same identifier (name{table.111}) has been already used, duplicate ignored
<argument> ...shipout:D \box_use:N \l_shipout_box 
                                                  \__shipout_drop_firstpage_...
l.5817 \end{landscape}
                      ]
<mediation_files/figure-latex/path-pna-dep-1.pdf, id=1222, 469.755pt x 325.215pt>
File: mediation_files/figure-latex/path-pna-dep-1.pdf Graphic file (type pdf)
<use mediation_files/figure-latex/path-pna-dep-1.pdf>
Package pdftex.def Info: mediation_files/figure-latex/path-pna-dep-1.pdf  used on input line 5830.
(pdftex.def)             Requested size: 469.75386pt x 325.2142pt.
[168








] [169
pdfTeX warning (ext4): destination with the same identifier (name{figure.21}) has been already used, duplicate ignored
<argument> ...shipout:D \box_use:N \l_shipout_box 
                                                  \__shipout_drop_firstpage_...
l.5834 \begin{landscape}
                        \begin{table} <./mediation_files/figure-latex/path-pna-dep-1.pdf>]

LaTeX Warning: Float too large for page by 23.24756pt on input line 5907.

[170
pdfTeX warning (ext4): destination with the same identifier (name{table.112}) has been already used, duplicate ignored
<argument> ...shipout:D \box_use:N \l_shipout_box 
                                                  \__shipout_drop_firstpage_...
l.5908 \end{landscape}
                      ]
Overfull \hbox (5.30394pt too wide) in paragraph at lines 5915--5939
 [] 
 []

[171
pdfTeX warning (ext4): destination with the same identifier (name{table.113}) has been already used, duplicate ignored
<argument> ...shipout:D \box_use:N \l_shipout_box 
                                                  \__shipout_drop_firstpage_...
l.5940 \end{landscape}
                      ] [172
pdfTeX warning (ext4): destination with the same identifier (name{table.114}) has been already used, duplicate ignored
<argument> ...shipout:D \box_use:N \l_shipout_box 
                                                  \__shipout_drop_firstpage_...
l.5959 \begin{landscape}
                        \begin{table}] [173
pdfTeX warning (ext4): destination with the same identifier (name{table.115}) has been already used, duplicate ignored
<argument> ...shipout:D \box_use:N \l_shipout_box 
                                                  \__shipout_drop_firstpage_...
l.6042 \end{landscape}
                      ]
Overfull \hbox (32.63777pt too wide) in paragraph at lines 6049--6072
 [] 
 []

[174
pdfTeX warning (ext4): destination with the same identifier (name{table.116}) has been already used, duplicate ignored
<argument> ...shipout:D \box_use:N \l_shipout_box 
                                                  \__shipout_drop_firstpage_...
l.6073 \end{landscape}
                      ]
<mediation_files/figure-latex/path-manipulative-chron-1.pdf, id=1269, 469.755pt x 325.215pt>
File: mediation_files/figure-latex/path-manipulative-chron-1.pdf Graphic file (type pdf)
<use mediation_files/figure-latex/path-manipulative-chron-1.pdf>
Package pdftex.def Info: mediation_files/figure-latex/path-manipulative-chron-1.pdf  used on input line 6082.
(pdftex.def)             Requested size: 469.75386pt x 325.2142pt.
[175









pdfTeX warning (ext4): destination with the same identifier (name{figure.22}) has been already used, duplicate ignored
<argument> ...shipout:D \box_use:N \l_shipout_box 
                                                  \__shipout_drop_firstpage_...
l.6086 \begin{landscape}
                        \begin{table} <./mediation_files/figure-latex/path-manipulative-chron-1.pdf>] [176
pdfTeX warning (ext4): destination with the same identifier (name{table.117}) has been already used, duplicate ignored
<argument> ...shipout:D \box_use:N \l_shipout_box 
                                                  \__shipout_drop_firstpage_...
l.6155 \end{landscape}
                      ] [177
pdfTeX warning (ext4): destination with the same identifier (name{table.118}) has been already used, duplicate ignored
<argument> ...shipout:D \box_use:N \l_shipout_box 
                                                  \__shipout_drop_firstpage_...
l.6187 \end{landscape}
                      ] [178
pdfTeX warning (ext4): destination with the same identifier (name{table.119}) has been already used, duplicate ignored
<argument> ...shipout:D \box_use:N \l_shipout_box 
                                                  \__shipout_drop_firstpage_...
l.6206 \begin{landscape}
                        \begin{table}] [179
pdfTeX warning (ext4): destination with the same identifier (name{table.120}) has been already used, duplicate ignored
<argument> ...shipout:D \box_use:N \l_shipout_box 
                                                  \__shipout_drop_firstpage_...
l.6289 \end{landscape}
                      ] [180
pdfTeX warning (ext4): destination with the same identifier (name{table.121}) has been already used, duplicate ignored
<argument> ...shipout:D \box_use:N \l_shipout_box 
                                                  \__shipout_drop_firstpage_...
l.6320 \end{landscape}
                      ]
<mediation_files/figure-latex/path-manipulative-SRH-1.pdf, id=1311, 469.755pt x 325.215pt>
File: mediation_files/figure-latex/path-manipulative-SRH-1.pdf Graphic file (type pdf)
<use mediation_files/figure-latex/path-manipulative-SRH-1.pdf>
Package pdftex.def Info: mediation_files/figure-latex/path-manipulative-SRH-1.pdf  used on input line 6324.
(pdftex.def)             Requested size: 469.75386pt x 325.2142pt.
[181









pdfTeX warning (ext4): destination with the same identifier (name{figure.23}) has been already used, duplicate ignored
<argument> ...shipout:D \box_use:N \l_shipout_box 
                                                  \__shipout_drop_firstpage_...
l.6328 \begin{landscape}
                        \begin{table} <./mediation_files/figure-latex/path-manipulative-SRH-1.pdf>]

LaTeX Warning: Float too large for page by 22.6363pt on input line 6401.

[182
pdfTeX warning (ext4): destination with the same identifier (name{table.122}) has been already used, duplicate ignored
<argument> ...shipout:D \box_use:N \l_shipout_box 
                                                  \__shipout_drop_firstpage_...
l.6402 \end{landscape}
                      ] [183
pdfTeX warning (ext4): destination with the same identifier (name{table.123}) has been already used, duplicate ignored
<argument> ...shipout:D \box_use:N \l_shipout_box 
                                                  \__shipout_drop_firstpage_...
l.6434 \end{landscape}
                      ] [184
pdfTeX warning (ext4): destination with the same identifier (name{table.124}) has been already used, duplicate ignored
<argument> ...shipout:D \box_use:N \l_shipout_box 
                                                  \__shipout_drop_firstpage_...
l.6457 \begin{landscape}
                        \begin{table}




] [185
pdfTeX warning (ext4): destination with the same identifier (name{table.125}) has been already used, duplicate ignored
<argument> ...shipout:D \box_use:N \l_shipout_box 
                                                  \__shipout_drop_firstpage_...
l.6486 \end{landscape}
                      ]
<mediation_files/figure-latex/path-manipulative-chronicpain-1.pdf, id=1343, 469.755pt x 325.215pt>
File: mediation_files/figure-latex/path-manipulative-chronicpain-1.pdf Graphic file (type pdf)
<use mediation_files/figure-latex/path-manipulative-chronicpain-1.pdf>
Package pdftex.def Info: mediation_files/figure-latex/path-manipulative-chronicpain-1.pdf  used on input line 6490.
(pdftex.def)             Requested size: 469.75386pt x 325.2142pt.
[186



pdfTeX warning (ext4): destination with the same identifier (name{figure.24}) has been already used, duplicate ignored
<argument> ...shipout:D \box_use:N \l_shipout_box 
                                                  \__shipout_drop_firstpage_...
l.6494 \begin{landscape}
                        \begin{table} <./mediation_files/figure-latex/path-manipulative-chronicpain-1.pdf>]

LaTeX Warning: Float too large for page by 22.6363pt on input line 6567.

[187
pdfTeX warning (ext4): destination with the same identifier (name{table.126}) has been already used, duplicate ignored
<argument> ...shipout:D \box_use:N \l_shipout_box 
                                                  \__shipout_drop_firstpage_...
l.6568 \end{landscape}
                      ] [188
pdfTeX warning (ext4): destination with the same identifier (name{table.127}) has been already used, duplicate ignored
<argument> ...shipout:D \box_use:N \l_shipout_box 
                                                  \__shipout_drop_firstpage_...
l.6600 \end{landscape}
                      ] [189
pdfTeX warning (ext4): destination with the same identifier (name{table.128}) has been already used, duplicate ignored
<argument> ...shipout:D \box_use:N \l_shipout_box 
                                                  \__shipout_drop_firstpage_...
l.6619 \begin{landscape}
                        \begin{table}] [190
pdfTeX warning (ext4): destination with the same identifier (name{table.129}) has been already used, duplicate ignored
<argument> ...shipout:D \box_use:N \l_shipout_box 
                                                  \__shipout_drop_firstpage_...
l.6702 \end{landscape}
                      ] [191
pdfTeX warning (ext4): destination with the same identifier (name{table.130}) has been already used, duplicate ignored
<argument> ...shipout:D \box_use:N \l_shipout_box 
                                                  \__shipout_drop_firstpage_...
l.6733 \end{landscape}
                      ]
<mediation_files/figure-latex/path-manipulative-dep-1.pdf, id=1380, 469.755pt x 325.215pt>
File: mediation_files/figure-latex/path-manipulative-dep-1.pdf Graphic file (type pdf)
<use mediation_files/figure-latex/path-manipulative-dep-1.pdf>
Package pdftex.def Info: mediation_files/figure-latex/path-manipulative-dep-1.pdf  used on input line 6737.
(pdftex.def)             Requested size: 469.75386pt x 325.2142pt.
[192









pdfTeX warning (ext4): destination with the same identifier (name{figure.25}) has been already used, duplicate ignored
<argument> ...shipout:D \box_use:N \l_shipout_box 
                                                  \__shipout_drop_firstpage_...
l.6741 \begin{landscape}
                        \begin{table} <./mediation_files/figure-latex/path-manipulative-dep-1.pdf>]

LaTeX Warning: Float too large for page by 23.24756pt on input line 6814.

[193
pdfTeX warning (ext4): destination with the same identifier (name{table.131}) has been already used, duplicate ignored
<argument> ...shipout:D \box_use:N \l_shipout_box 
                                                  \__shipout_drop_firstpage_...
l.6815 \end{landscape}
                      ] [194
pdfTeX warning (ext4): destination with the same identifier (name{table.132}) has been already used, duplicate ignored
<argument> ...shipout:D \box_use:N \l_shipout_box 
                                                  \__shipout_drop_firstpage_...
l.6847 \end{landscape}
                      ] [195
pdfTeX warning (ext4): destination with the same identifier (name{table.133}) has been already used, duplicate ignored
<argument> ...shipout:D \box_use:N \l_shipout_box 
                                                  \__shipout_drop_firstpage_...
l.6870 \begin{landscape}
                        \begin{table}




] [196
pdfTeX warning (ext4): destination with the same identifier (name{table.134}) has been already used, duplicate ignored
<argument> ...shipout:D \box_use:N \l_shipout_box 
                                                  \__shipout_drop_firstpage_...
l.6899 \end{landscape}
                      ] 
AED: lastpage setting LastPage
[197


] (./mediation.aux)

LaTeX Warning: There were multiply-defined labels.

Package rerunfilecheck Info: File `mediation.out' has not changed.
(rerunfilecheck)             Checksum: 0AAA1B281BFF72EB69D409CE5541EA18;944.
 )
(\end occurred inside a group at level 1)

### semi simple group (level 1) entered at line 74 (\begingroup)
### bottom level 
Here is how much of TeX's memory you used:
 14455 strings out of 479996
 235042 string characters out of 5886759
 609538 words of memory out of 5000000
 31899 multiletter control sequences out of 15000+600000
 537100 words of font info for 75 fonts, out of 8000000 for 9000
 14 hyphenation exceptions out of 8191
 203i,13n,203p,2085b,3013s stack positions out of 10000i,1000n,20000p,200000b,200000s
{c:/Users/hanna/AppData/Roaming/TinyTeX/texmf-dist/fonts/enc/dvips/lm/lm-rm.enc}{c:/Users/hanna/AppData/Roaming/TinyTeX/texmf-dist/fonts/enc/dvips/lm/lm-mathit.enc}{c:/Users/hanna/AppData/Roaming/TinyTeX/texmf-dist/fonts/enc/dvips/lm/lm-mathsy.enc}{c:/Users/hanna/AppData/Roaming/TinyTeX/texmf-dist/fonts/enc/dvips/lm/lm-ec.enc}{c:/Users/hanna/AppData/Roaming/TinyTeX/texmf-dist/fonts/enc/dvips/lm/lm-ts1.enc}<c:/Users/hanna/AppData/Roaming/TinyTeX/texmf-dist/fonts/type1/public/lm/lmbx10.pfb><c:/Users/hanna/AppData/Roaming/TinyTeX/texmf-dist/fonts/type1/public/lm/lmbx12.pfb><c:/Users/hanna/AppData/Roaming/TinyTeX/texmf-dist/fonts/type1/public/lm/lmbx7.pfb><c:/Users/hanna/AppData/Roaming/TinyTeX/texmf-dist/fonts/type1/public/lm/lmmi10.pfb><c:/Users/hanna/AppData/Roaming/TinyTeX/texmf-dist/fonts/type1/public/lm/lmmi5.pfb><c:/Users/hanna/AppData/Roaming/TinyTeX/texmf-dist/fonts/type1/public/lm/lmmi7.pfb><c:/Users/hanna/AppData/Roaming/TinyTeX/texmf-dist/fonts/type1/public/lm/lmr10.pfb><c:/Users/hanna/AppData/Roaming/TinyTeX/texmf-dist/fonts/type1/public/lm/lmr17.pfb><c:/Users/hanna/AppData/Roaming/TinyTeX/texmf-dist/fonts/type1/public/lm/lmr5.pfb><c:/Users/hanna/AppData/Roaming/TinyTeX/texmf-dist/fonts/type1/public/lm/lmr7.pfb><c:/Users/hanna/AppData/Roaming/TinyTeX/texmf-dist/fonts/type1/public/lm/lmri10.pfb><c:/Users/hanna/AppData/Roaming/TinyTeX/texmf-dist/fonts/type1/public/lm/lmri7.pfb><c:/Users/hanna/AppData/Roaming/TinyTeX/texmf-dist/fonts/type1/public/lm/lmsy5.pfb><c:/Users/hanna/AppData/Roaming/TinyTeX/texmf-dist/fonts/type1/public/lm/lmtt10.pfb>
Output written on mediation.pdf (197 pages, 850585 bytes).
PDF statistics:
 1587 PDF objects out of 1728 (max. 8388607)
 1293 compressed objects within 13 object streams
 434 named destinations out of 1000 (max. 500000)
 182 words of extra memory for PDF output out of 10000 (max. 10000000)

